2024-03-09 23:09:58.004 [restartedMain] INFO  c.a.i.IssueTackerApiApplication - Starting IssueTackerApiApplication using Java 17.0.10 with PID 27667 (/home/amol/MyProjects/issue-tacker-api/target/classes started by amol in /home/amol/MyProjects/issue-tacker-api)
2024-03-09 23:09:58.006 [restartedMain] INFO  c.a.i.IssueTackerApiApplication - No active profile set, falling back to 1 default profile: "default"
2024-03-09 23:09:58.117 [restartedMain] INFO  o.s.b.d.e.DevToolsPropertyDefaultsPostProcessor - Devtools property defaults active! Set 'spring.devtools.add-properties' to 'false' to disable
2024-03-09 23:09:58.117 [restartedMain] INFO  o.s.b.d.e.DevToolsPropertyDefaultsPostProcessor - For additional web related logging consider setting the 'logging.level.web' property to 'DEBUG'
2024-03-09 23:09:59.941 [restartedMain] INFO  o.s.d.r.c.RepositoryConfigurationDelegate - Bootstrapping Spring Data JPA repositories in DEFAULT mode.
2024-03-09 23:10:00.042 [restartedMain] INFO  o.s.d.r.c.RepositoryConfigurationDelegate - Finished Spring Data repository scanning in 88 ms. Found 6 JPA repository interfaces.
2024-03-09 23:10:01.199 [restartedMain] INFO  o.s.b.w.e.tomcat.TomcatWebServer - Tomcat initialized with port 8080 (http)
2024-03-09 23:10:01.210 [restartedMain] INFO  o.a.catalina.core.StandardService - Starting service [Tomcat]
2024-03-09 23:10:01.211 [restartedMain] INFO  o.a.catalina.core.StandardEngine - Starting Servlet engine: [Apache Tomcat/10.1.19]
2024-03-09 23:10:01.264 [restartedMain] INFO  o.a.c.c.C.[Tomcat].[localhost].[/] - Initializing Spring embedded WebApplicationContext
2024-03-09 23:10:01.265 [restartedMain] INFO  o.s.b.w.s.c.ServletWebServerApplicationContext - Root WebApplicationContext: initialization completed in 3146 ms
2024-03-09 23:10:01.711 [restartedMain] INFO  o.h.jpa.internal.util.LogHelper - HHH000204: Processing PersistenceUnitInfo [name: default]
2024-03-09 23:10:01.918 [restartedMain] INFO  org.hibernate.Version - HHH000412: Hibernate ORM core version 6.4.4.Final
2024-03-09 23:10:01.967 [restartedMain] INFO  o.h.c.i.RegionFactoryInitiator - HHH000026: Second-level cache disabled
2024-03-09 23:10:02.389 [restartedMain] INFO  o.s.o.j.p.SpringPersistenceUnitInfo - No LoadTimeWeaver setup: ignoring JPA class transformer
2024-03-09 23:10:02.436 [restartedMain] INFO  com.zaxxer.hikari.HikariDataSource - HikariPool-1 - Starting...
2024-03-09 23:10:02.900 [restartedMain] INFO  com.zaxxer.hikari.pool.HikariPool - HikariPool-1 - Added connection com.mysql.cj.jdbc.ConnectionImpl@4db6519a
2024-03-09 23:10:02.902 [restartedMain] INFO  com.zaxxer.hikari.HikariDataSource - HikariPool-1 - Start completed.
2024-03-09 23:10:02.967 [restartedMain] WARN  org.hibernate.orm.deprecation - HHH90000025: MySQLDialect does not need to be specified explicitly using 'hibernate.dialect' (remove the property setting and it will be selected by default)
2024-03-09 23:10:04.582 [restartedMain] INFO  o.h.e.t.j.p.i.JtaPlatformInitiator - HHH000489: No JTA platform available (set 'hibernate.transaction.jta.platform' to enable JTA platform integration)
2024-03-09 23:10:04.737 [restartedMain] INFO  o.s.o.j.LocalContainerEntityManagerFactoryBean - Initialized JPA EntityManagerFactory for persistence unit 'default'
2024-03-09 23:10:05.586 [restartedMain] INFO  o.s.d.j.r.query.QueryEnhancerFactory - Hibernate is in classpath; If applicable, HQL parser will be used.
2024-03-09 23:10:06.008 [restartedMain] ERROR o.s.b.w.e.tomcat.TomcatStarter - Error starting Tomcat context. Exception: org.springframework.beans.factory.UnsatisfiedDependencyException. Message: Error creating bean with name 'jwtAuthenticationFilter' defined in file [/home/amol/MyProjects/issue-tacker-api/target/classes/com/api/issuetacker/security/JwtAuthenticationFilter.class]: Unsatisfied dependency expressed through constructor parameter 0: Error creating bean with name 'jwtTokenProvider' defined in file [/home/amol/MyProjects/issue-tacker-api/target/classes/com/api/issuetacker/security/JwtTokenProvider.class]: Unsatisfied dependency expressed through constructor parameter 5: Error creating bean with name 'jwtTokenService' defined in file [/home/amol/MyProjects/issue-tacker-api/target/classes/com/api/issuetacker/service/JwtTokenService.class]: Unsatisfied dependency expressed through constructor parameter 0: Error creating bean with name 'jwtTokenRepository' defined in com.api.issuetacker.repository.JwtTokenRepository defined in @EnableJpaRepositories declared on JpaRepositoriesRegistrar.EnableJpaRepositoriesConfiguration: Not a managed type: class com.api.issuetacker.entity.JwtToken
2024-03-09 23:10:06.043 [restartedMain] INFO  o.a.catalina.core.StandardService - Stopping service [Tomcat]
2024-03-09 23:10:06.047 [restartedMain] WARN  o.a.c.loader.WebappClassLoaderBase - The web application [ROOT] appears to have started a thread named [HikariPool-1 housekeeper] but has failed to stop it. This is very likely to create a memory leak. Stack trace of thread:
 java.base@17.0.10/jdk.internal.misc.Unsafe.park(Native Method)
 java.base@17.0.10/java.util.concurrent.locks.LockSupport.parkNanos(LockSupport.java:252)
 java.base@17.0.10/java.util.concurrent.locks.AbstractQueuedSynchronizer$ConditionObject.awaitNanos(AbstractQueuedSynchronizer.java:1672)
 java.base@17.0.10/java.util.concurrent.ScheduledThreadPoolExecutor$DelayedWorkQueue.take(ScheduledThreadPoolExecutor.java:1182)
 java.base@17.0.10/java.util.concurrent.ScheduledThreadPoolExecutor$DelayedWorkQueue.take(ScheduledThreadPoolExecutor.java:899)
 java.base@17.0.10/java.util.concurrent.ThreadPoolExecutor.getTask(ThreadPoolExecutor.java:1062)
 java.base@17.0.10/java.util.concurrent.ThreadPoolExecutor.runWorker(ThreadPoolExecutor.java:1122)
 java.base@17.0.10/java.util.concurrent.ThreadPoolExecutor$Worker.run(ThreadPoolExecutor.java:635)
 java.base@17.0.10/java.lang.Thread.run(Thread.java:840)
2024-03-09 23:10:06.047 [restartedMain] WARN  o.a.c.loader.WebappClassLoaderBase - The web application [ROOT] appears to have started a thread named [HikariPool-1 connection adder] but has failed to stop it. This is very likely to create a memory leak. Stack trace of thread:
 java.base@17.0.10/jdk.internal.misc.Unsafe.park(Native Method)
 java.base@17.0.10/java.util.concurrent.locks.LockSupport.parkNanos(LockSupport.java:252)
 java.base@17.0.10/java.util.concurrent.locks.AbstractQueuedSynchronizer$ConditionObject.awaitNanos(AbstractQueuedSynchronizer.java:1672)
 java.base@17.0.10/java.util.concurrent.LinkedBlockingQueue.poll(LinkedBlockingQueue.java:460)
 java.base@17.0.10/java.util.concurrent.ThreadPoolExecutor.getTask(ThreadPoolExecutor.java:1061)
 java.base@17.0.10/java.util.concurrent.ThreadPoolExecutor.runWorker(ThreadPoolExecutor.java:1122)
 java.base@17.0.10/java.util.concurrent.ThreadPoolExecutor$Worker.run(ThreadPoolExecutor.java:635)
 java.base@17.0.10/java.lang.Thread.run(Thread.java:840)
2024-03-09 23:10:06.052 [restartedMain] WARN  o.s.b.w.s.c.AnnotationConfigServletWebServerApplicationContext - Exception encountered during context initialization - cancelling refresh attempt: org.springframework.context.ApplicationContextException: Unable to start web server
2024-03-09 23:10:06.053 [restartedMain] INFO  o.s.o.j.LocalContainerEntityManagerFactoryBean - Closing JPA EntityManagerFactory for persistence unit 'default'
2024-03-09 23:10:06.058 [restartedMain] INFO  com.zaxxer.hikari.HikariDataSource - HikariPool-1 - Shutdown initiated...
2024-03-09 23:10:06.067 [restartedMain] INFO  com.zaxxer.hikari.HikariDataSource - HikariPool-1 - Shutdown completed.
2024-03-09 23:10:06.114 [restartedMain] INFO  o.s.b.a.l.ConditionEvaluationReportLogger - 

Error starting ApplicationContext. To display the condition evaluation report re-run your application with 'debug' enabled.
2024-03-09 23:10:06.156 [restartedMain] ERROR o.s.boot.SpringApplication - Application run failed
org.springframework.context.ApplicationContextException: Unable to start web server
	at org.springframework.boot.web.servlet.context.ServletWebServerApplicationContext.onRefresh(ServletWebServerApplicationContext.java:165)
	at org.springframework.context.support.AbstractApplicationContext.refresh(AbstractApplicationContext.java:618)
	at org.springframework.boot.web.servlet.context.ServletWebServerApplicationContext.refresh(ServletWebServerApplicationContext.java:146)
	at org.springframework.boot.SpringApplication.refresh(SpringApplication.java:754)
	at org.springframework.boot.SpringApplication.refreshContext(SpringApplication.java:456)
	at org.springframework.boot.SpringApplication.run(SpringApplication.java:334)
	at org.springframework.boot.SpringApplication.run(SpringApplication.java:1354)
	at org.springframework.boot.SpringApplication.run(SpringApplication.java:1343)
	at com.api.issuetacker.IssueTackerApiApplication.main(IssueTackerApiApplication.java:10)
	at java.base/jdk.internal.reflect.NativeMethodAccessorImpl.invoke0(Native Method)
	at java.base/jdk.internal.reflect.NativeMethodAccessorImpl.invoke(NativeMethodAccessorImpl.java:77)
	at java.base/jdk.internal.reflect.DelegatingMethodAccessorImpl.invoke(DelegatingMethodAccessorImpl.java:43)
	at java.base/java.lang.reflect.Method.invoke(Method.java:568)
	at org.springframework.boot.devtools.restart.RestartLauncher.run(RestartLauncher.java:50)
Caused by: org.springframework.boot.web.server.WebServerException: Unable to start embedded Tomcat
	at org.springframework.boot.web.embedded.tomcat.TomcatWebServer.initialize(TomcatWebServer.java:145)
	at org.springframework.boot.web.embedded.tomcat.TomcatWebServer.<init>(TomcatWebServer.java:105)
	at org.springframework.boot.web.embedded.tomcat.TomcatServletWebServerFactory.getTomcatWebServer(TomcatServletWebServerFactory.java:499)
	at org.springframework.boot.web.embedded.tomcat.TomcatServletWebServerFactory.getWebServer(TomcatServletWebServerFactory.java:218)
	at org.springframework.boot.web.servlet.context.ServletWebServerApplicationContext.createWebServer(ServletWebServerApplicationContext.java:188)
	at org.springframework.boot.web.servlet.context.ServletWebServerApplicationContext.onRefresh(ServletWebServerApplicationContext.java:162)
	... 13 common frames omitted
Caused by: org.springframework.beans.factory.UnsatisfiedDependencyException: Error creating bean with name 'jwtAuthenticationFilter' defined in file [/home/amol/MyProjects/issue-tacker-api/target/classes/com/api/issuetacker/security/JwtAuthenticationFilter.class]: Unsatisfied dependency expressed through constructor parameter 0: Error creating bean with name 'jwtTokenProvider' defined in file [/home/amol/MyProjects/issue-tacker-api/target/classes/com/api/issuetacker/security/JwtTokenProvider.class]: Unsatisfied dependency expressed through constructor parameter 5: Error creating bean with name 'jwtTokenService' defined in file [/home/amol/MyProjects/issue-tacker-api/target/classes/com/api/issuetacker/service/JwtTokenService.class]: Unsatisfied dependency expressed through constructor parameter 0: Error creating bean with name 'jwtTokenRepository' defined in com.api.issuetacker.repository.JwtTokenRepository defined in @EnableJpaRepositories declared on JpaRepositoriesRegistrar.EnableJpaRepositoriesConfiguration: Not a managed type: class com.api.issuetacker.entity.JwtToken
	at org.springframework.beans.factory.support.ConstructorResolver.createArgumentArray(ConstructorResolver.java:798)
	at org.springframework.beans.factory.support.ConstructorResolver.autowireConstructor(ConstructorResolver.java:237)
	at org.springframework.beans.factory.support.AbstractAutowireCapableBeanFactory.autowireConstructor(AbstractAutowireCapableBeanFactory.java:1355)
	at org.springframework.beans.factory.support.AbstractAutowireCapableBeanFactory.createBeanInstance(AbstractAutowireCapableBeanFactory.java:1192)
	at org.springframework.beans.factory.support.AbstractAutowireCapableBeanFactory.doCreateBean(AbstractAutowireCapableBeanFactory.java:562)
	at org.springframework.beans.factory.support.AbstractAutowireCapableBeanFactory.createBean(AbstractAutowireCapableBeanFactory.java:522)
	at org.springframework.beans.factory.support.AbstractBeanFactory.lambda$doGetBean$0(AbstractBeanFactory.java:325)
	at org.springframework.beans.factory.support.DefaultSingletonBeanRegistry.getSingleton(DefaultSingletonBeanRegistry.java:234)
	at org.springframework.beans.factory.support.AbstractBeanFactory.doGetBean(AbstractBeanFactory.java:323)
	at org.springframework.beans.factory.support.AbstractBeanFactory.getBean(AbstractBeanFactory.java:204)
	at org.springframework.boot.web.servlet.ServletContextInitializerBeans.getOrderedBeansOfType(ServletContextInitializerBeans.java:210)
	at org.springframework.boot.web.servlet.ServletContextInitializerBeans.addAsRegistrationBean(ServletContextInitializerBeans.java:173)
	at org.springframework.boot.web.servlet.ServletContextInitializerBeans.addAsRegistrationBean(ServletContextInitializerBeans.java:168)
	at org.springframework.boot.web.servlet.ServletContextInitializerBeans.addAdaptableBeans(ServletContextInitializerBeans.java:153)
	at org.springframework.boot.web.servlet.ServletContextInitializerBeans.<init>(ServletContextInitializerBeans.java:86)
	at org.springframework.boot.web.servlet.context.ServletWebServerApplicationContext.getServletContextInitializerBeans(ServletWebServerApplicationContext.java:266)
	at org.springframework.boot.web.servlet.context.ServletWebServerApplicationContext.selfInitialize(ServletWebServerApplicationContext.java:240)
	at org.springframework.boot.web.embedded.tomcat.TomcatStarter.onStartup(TomcatStarter.java:52)
	at org.apache.catalina.core.StandardContext.startInternal(StandardContext.java:4866)
	at org.apache.catalina.util.LifecycleBase.start(LifecycleBase.java:171)
	at org.apache.catalina.core.ContainerBase$StartChild.call(ContainerBase.java:1332)
	at org.apache.catalina.core.ContainerBase$StartChild.call(ContainerBase.java:1322)
	at java.base/java.util.concurrent.FutureTask.run(FutureTask.java:264)
	at org.apache.tomcat.util.threads.InlineExecutorService.execute(InlineExecutorService.java:75)
	at java.base/java.util.concurrent.AbstractExecutorService.submit(AbstractExecutorService.java:145)
	at org.apache.catalina.core.ContainerBase.startInternal(ContainerBase.java:866)
	at org.apache.catalina.core.StandardHost.startInternal(StandardHost.java:845)
	at org.apache.catalina.util.LifecycleBase.start(LifecycleBase.java:171)
	at org.apache.catalina.core.ContainerBase$StartChild.call(ContainerBase.java:1332)
	at org.apache.catalina.core.ContainerBase$StartChild.call(ContainerBase.java:1322)
	at java.base/java.util.concurrent.FutureTask.run(FutureTask.java:264)
	at org.apache.tomcat.util.threads.InlineExecutorService.execute(InlineExecutorService.java:75)
	at java.base/java.util.concurrent.AbstractExecutorService.submit(AbstractExecutorService.java:145)
	at org.apache.catalina.core.ContainerBase.startInternal(ContainerBase.java:866)
	at org.apache.catalina.core.StandardEngine.startInternal(StandardEngine.java:240)
	at org.apache.catalina.util.LifecycleBase.start(LifecycleBase.java:171)
	at org.apache.catalina.core.StandardService.startInternal(StandardService.java:433)
	at org.apache.catalina.util.LifecycleBase.start(LifecycleBase.java:171)
	at org.apache.catalina.core.StandardServer.startInternal(StandardServer.java:921)
	at org.apache.catalina.util.LifecycleBase.start(LifecycleBase.java:171)
	at org.apache.catalina.startup.Tomcat.start(Tomcat.java:437)
	at org.springframework.boot.web.embedded.tomcat.TomcatWebServer.initialize(TomcatWebServer.java:126)
	... 18 common frames omitted
Caused by: org.springframework.beans.factory.UnsatisfiedDependencyException: Error creating bean with name 'jwtTokenProvider' defined in file [/home/amol/MyProjects/issue-tacker-api/target/classes/com/api/issuetacker/security/JwtTokenProvider.class]: Unsatisfied dependency expressed through constructor parameter 5: Error creating bean with name 'jwtTokenService' defined in file [/home/amol/MyProjects/issue-tacker-api/target/classes/com/api/issuetacker/service/JwtTokenService.class]: Unsatisfied dependency expressed through constructor parameter 0: Error creating bean with name 'jwtTokenRepository' defined in com.api.issuetacker.repository.JwtTokenRepository defined in @EnableJpaRepositories declared on JpaRepositoriesRegistrar.EnableJpaRepositoriesConfiguration: Not a managed type: class com.api.issuetacker.entity.JwtToken
	at org.springframework.beans.factory.support.ConstructorResolver.createArgumentArray(ConstructorResolver.java:798)
	at org.springframework.beans.factory.support.ConstructorResolver.autowireConstructor(ConstructorResolver.java:237)
	at org.springframework.beans.factory.support.AbstractAutowireCapableBeanFactory.autowireConstructor(AbstractAutowireCapableBeanFactory.java:1355)
	at org.springframework.beans.factory.support.AbstractAutowireCapableBeanFactory.createBeanInstance(AbstractAutowireCapableBeanFactory.java:1192)
	at org.springframework.beans.factory.support.AbstractAutowireCapableBeanFactory.doCreateBean(AbstractAutowireCapableBeanFactory.java:562)
	at org.springframework.beans.factory.support.AbstractAutowireCapableBeanFactory.createBean(AbstractAutowireCapableBeanFactory.java:522)
	at org.springframework.beans.factory.support.AbstractBeanFactory.lambda$doGetBean$0(AbstractBeanFactory.java:325)
	at org.springframework.beans.factory.support.DefaultSingletonBeanRegistry.getSingleton(DefaultSingletonBeanRegistry.java:234)
	at org.springframework.beans.factory.support.AbstractBeanFactory.doGetBean(AbstractBeanFactory.java:323)
	at org.springframework.beans.factory.support.AbstractBeanFactory.getBean(AbstractBeanFactory.java:199)
	at org.springframework.beans.factory.config.DependencyDescriptor.resolveCandidate(DependencyDescriptor.java:254)
	at org.springframework.beans.factory.support.DefaultListableBeanFactory.doResolveDependency(DefaultListableBeanFactory.java:1443)
	at org.springframework.beans.factory.support.DefaultListableBeanFactory.resolveDependency(DefaultListableBeanFactory.java:1353)
	at org.springframework.beans.factory.support.ConstructorResolver.resolveAutowiredArgument(ConstructorResolver.java:907)
	at org.springframework.beans.factory.support.ConstructorResolver.createArgumentArray(ConstructorResolver.java:785)
	... 59 common frames omitted
Caused by: org.springframework.beans.factory.UnsatisfiedDependencyException: Error creating bean with name 'jwtTokenService' defined in file [/home/amol/MyProjects/issue-tacker-api/target/classes/com/api/issuetacker/service/JwtTokenService.class]: Unsatisfied dependency expressed through constructor parameter 0: Error creating bean with name 'jwtTokenRepository' defined in com.api.issuetacker.repository.JwtTokenRepository defined in @EnableJpaRepositories declared on JpaRepositoriesRegistrar.EnableJpaRepositoriesConfiguration: Not a managed type: class com.api.issuetacker.entity.JwtToken
	at org.springframework.beans.factory.support.ConstructorResolver.createArgumentArray(ConstructorResolver.java:798)
	at org.springframework.beans.factory.support.ConstructorResolver.autowireConstructor(ConstructorResolver.java:237)
	at org.springframework.beans.factory.support.AbstractAutowireCapableBeanFactory.autowireConstructor(AbstractAutowireCapableBeanFactory.java:1355)
	at org.springframework.beans.factory.support.AbstractAutowireCapableBeanFactory.createBeanInstance(AbstractAutowireCapableBeanFactory.java:1192)
	at org.springframework.beans.factory.support.AbstractAutowireCapableBeanFactory.doCreateBean(AbstractAutowireCapableBeanFactory.java:562)
	at org.springframework.beans.factory.support.AbstractAutowireCapableBeanFactory.createBean(AbstractAutowireCapableBeanFactory.java:522)
	at org.springframework.beans.factory.support.AbstractBeanFactory.lambda$doGetBean$0(AbstractBeanFactory.java:325)
	at org.springframework.beans.factory.support.DefaultSingletonBeanRegistry.getSingleton(DefaultSingletonBeanRegistry.java:234)
	at org.springframework.beans.factory.support.AbstractBeanFactory.doGetBean(AbstractBeanFactory.java:323)
	at org.springframework.beans.factory.support.AbstractBeanFactory.getBean(AbstractBeanFactory.java:199)
	at org.springframework.beans.factory.config.DependencyDescriptor.resolveCandidate(DependencyDescriptor.java:254)
	at org.springframework.beans.factory.support.DefaultListableBeanFactory.doResolveDependency(DefaultListableBeanFactory.java:1443)
	at org.springframework.beans.factory.support.DefaultListableBeanFactory.resolveDependency(DefaultListableBeanFactory.java:1353)
	at org.springframework.beans.factory.support.ConstructorResolver.resolveAutowiredArgument(ConstructorResolver.java:907)
	at org.springframework.beans.factory.support.ConstructorResolver.createArgumentArray(ConstructorResolver.java:785)
	... 73 common frames omitted
Caused by: org.springframework.beans.factory.BeanCreationException: Error creating bean with name 'jwtTokenRepository' defined in com.api.issuetacker.repository.JwtTokenRepository defined in @EnableJpaRepositories declared on JpaRepositoriesRegistrar.EnableJpaRepositoriesConfiguration: Not a managed type: class com.api.issuetacker.entity.JwtToken
	at org.springframework.beans.factory.support.AbstractAutowireCapableBeanFactory.initializeBean(AbstractAutowireCapableBeanFactory.java:1786)
	at org.springframework.beans.factory.support.AbstractAutowireCapableBeanFactory.doCreateBean(AbstractAutowireCapableBeanFactory.java:600)
	at org.springframework.beans.factory.support.AbstractAutowireCapableBeanFactory.createBean(AbstractAutowireCapableBeanFactory.java:522)
	at org.springframework.beans.factory.support.AbstractBeanFactory.lambda$doGetBean$0(AbstractBeanFactory.java:325)
	at org.springframework.beans.factory.support.DefaultSingletonBeanRegistry.getSingleton(DefaultSingletonBeanRegistry.java:234)
	at org.springframework.beans.factory.support.AbstractBeanFactory.doGetBean(AbstractBeanFactory.java:323)
	at org.springframework.beans.factory.support.AbstractBeanFactory.getBean(AbstractBeanFactory.java:199)
	at org.springframework.beans.factory.config.DependencyDescriptor.resolveCandidate(DependencyDescriptor.java:254)
	at org.springframework.beans.factory.support.DefaultListableBeanFactory.doResolveDependency(DefaultListableBeanFactory.java:1443)
	at org.springframework.beans.factory.support.DefaultListableBeanFactory.resolveDependency(DefaultListableBeanFactory.java:1353)
	at org.springframework.beans.factory.support.ConstructorResolver.resolveAutowiredArgument(ConstructorResolver.java:907)
	at org.springframework.beans.factory.support.ConstructorResolver.createArgumentArray(ConstructorResolver.java:785)
	... 87 common frames omitted
Caused by: java.lang.IllegalArgumentException: Not a managed type: class com.api.issuetacker.entity.JwtToken
	at org.hibernate.metamodel.model.domain.internal.JpaMetamodelImpl.managedType(JpaMetamodelImpl.java:193)
	at org.hibernate.metamodel.model.domain.internal.MappingMetamodelImpl.managedType(MappingMetamodelImpl.java:468)
	at org.hibernate.metamodel.model.domain.internal.MappingMetamodelImpl.managedType(MappingMetamodelImpl.java:98)
	at org.springframework.data.jpa.repository.support.JpaMetamodelEntityInformation.<init>(JpaMetamodelEntityInformation.java:82)
	at org.springframework.data.jpa.repository.support.JpaEntityInformationSupport.getEntityInformation(JpaEntityInformationSupport.java:69)
	at org.springframework.data.jpa.repository.support.JpaRepositoryFactory.getEntityInformation(JpaRepositoryFactory.java:246)
	at org.springframework.data.jpa.repository.support.JpaRepositoryFactory.getTargetRepository(JpaRepositoryFactory.java:211)
	at org.springframework.data.jpa.repository.support.JpaRepositoryFactory.getTargetRepository(JpaRepositoryFactory.java:194)
	at org.springframework.data.jpa.repository.support.JpaRepositoryFactory.getTargetRepository(JpaRepositoryFactory.java:1)
	at org.springframework.data.repository.core.support.RepositoryFactorySupport.getRepository(RepositoryFactorySupport.java:317)
	at org.springframework.data.repository.core.support.RepositoryFactoryBeanSupport.lambda$afterPropertiesSet$5(RepositoryFactoryBeanSupport.java:279)
	at org.springframework.data.util.Lazy.getNullable(Lazy.java:135)
	at org.springframework.data.util.Lazy.get(Lazy.java:113)
	at org.springframework.data.repository.core.support.RepositoryFactoryBeanSupport.afterPropertiesSet(RepositoryFactoryBeanSupport.java:285)
	at org.springframework.data.jpa.repository.support.JpaRepositoryFactoryBean.afterPropertiesSet(JpaRepositoryFactoryBean.java:132)
	at org.springframework.beans.factory.support.AbstractAutowireCapableBeanFactory.invokeInitMethods(AbstractAutowireCapableBeanFactory.java:1833)
	at org.springframework.beans.factory.support.AbstractAutowireCapableBeanFactory.initializeBean(AbstractAutowireCapableBeanFactory.java:1782)
	... 98 common frames omitted
2024-03-09 23:15:21.222 [restartedMain] INFO  c.a.i.IssueTackerApiApplication - Starting IssueTackerApiApplication using Java 17.0.10 with PID 28072 (/home/amol/MyProjects/issue-tacker-api/target/classes started by amol in /home/amol/MyProjects/issue-tacker-api)
2024-03-09 23:15:21.226 [restartedMain] INFO  c.a.i.IssueTackerApiApplication - No active profile set, falling back to 1 default profile: "default"
2024-03-09 23:15:21.327 [restartedMain] INFO  o.s.b.d.e.DevToolsPropertyDefaultsPostProcessor - Devtools property defaults active! Set 'spring.devtools.add-properties' to 'false' to disable
2024-03-09 23:15:21.328 [restartedMain] INFO  o.s.b.d.e.DevToolsPropertyDefaultsPostProcessor - For additional web related logging consider setting the 'logging.level.web' property to 'DEBUG'
2024-03-09 23:15:23.339 [restartedMain] INFO  o.s.d.r.c.RepositoryConfigurationDelegate - Bootstrapping Spring Data JPA repositories in DEFAULT mode.
2024-03-09 23:15:23.448 [restartedMain] INFO  o.s.d.r.c.RepositoryConfigurationDelegate - Finished Spring Data repository scanning in 93 ms. Found 6 JPA repository interfaces.
2024-03-09 23:15:24.685 [restartedMain] INFO  o.s.b.w.e.tomcat.TomcatWebServer - Tomcat initialized with port 8080 (http)
2024-03-09 23:15:24.699 [restartedMain] INFO  o.a.catalina.core.StandardService - Starting service [Tomcat]
2024-03-09 23:15:24.700 [restartedMain] INFO  o.a.catalina.core.StandardEngine - Starting Servlet engine: [Apache Tomcat/10.1.19]
2024-03-09 23:15:24.764 [restartedMain] INFO  o.a.c.c.C.[Tomcat].[localhost].[/] - Initializing Spring embedded WebApplicationContext
2024-03-09 23:15:24.765 [restartedMain] INFO  o.s.b.w.s.c.ServletWebServerApplicationContext - Root WebApplicationContext: initialization completed in 3437 ms
2024-03-09 23:15:25.253 [restartedMain] INFO  o.h.jpa.internal.util.LogHelper - HHH000204: Processing PersistenceUnitInfo [name: default]
2024-03-09 23:15:25.349 [restartedMain] INFO  org.hibernate.Version - HHH000412: Hibernate ORM core version 6.4.4.Final
2024-03-09 23:15:25.402 [restartedMain] INFO  o.h.c.i.RegionFactoryInitiator - HHH000026: Second-level cache disabled
2024-03-09 23:15:25.734 [restartedMain] INFO  o.s.o.j.p.SpringPersistenceUnitInfo - No LoadTimeWeaver setup: ignoring JPA class transformer
2024-03-09 23:15:25.778 [restartedMain] INFO  com.zaxxer.hikari.HikariDataSource - HikariPool-1 - Starting...
2024-03-09 23:15:26.294 [restartedMain] INFO  com.zaxxer.hikari.pool.HikariPool - HikariPool-1 - Added connection com.mysql.cj.jdbc.ConnectionImpl@3c5abadb
2024-03-09 23:15:26.297 [restartedMain] INFO  com.zaxxer.hikari.HikariDataSource - HikariPool-1 - Start completed.
2024-03-09 23:15:26.363 [restartedMain] WARN  org.hibernate.orm.deprecation - HHH90000025: MySQLDialect does not need to be specified explicitly using 'hibernate.dialect' (remove the property setting and it will be selected by default)
2024-03-09 23:15:27.933 [restartedMain] INFO  o.h.e.t.j.p.i.JtaPlatformInitiator - HHH000489: No JTA platform available (set 'hibernate.transaction.jta.platform' to enable JTA platform integration)
2024-03-09 23:15:28.316 [restartedMain] INFO  o.s.o.j.LocalContainerEntityManagerFactoryBean - Initialized JPA EntityManagerFactory for persistence unit 'default'
2024-03-09 23:15:28.956 [restartedMain] INFO  o.s.d.j.r.query.QueryEnhancerFactory - Hibernate is in classpath; If applicable, HQL parser will be used.
2024-03-09 23:15:30.668 [restartedMain] INFO  o.s.b.a.e.web.EndpointLinksResolver - Exposing 1 endpoint(s) beneath base path '/actuator'
2024-03-09 23:15:32.148 [restartedMain] INFO  o.s.s.web.DefaultSecurityFilterChain - Will secure any request with [org.springframework.security.web.session.DisableEncodeUrlFilter@767aa108, org.springframework.security.web.context.request.async.WebAsyncManagerIntegrationFilter@7e2c9f37, org.springframework.security.web.context.SecurityContextHolderFilter@6372213a, org.springframework.security.web.header.HeaderWriterFilter@769812e5, org.springframework.web.filter.CorsFilter@5e7ba081, org.springframework.security.web.authentication.logout.LogoutFilter@4344710f, com.api.issuetacker.security.JwtAuthenticationFilter@1e0cc3ba, org.springframework.security.web.savedrequest.RequestCacheAwareFilter@29499e5c, org.springframework.security.web.servletapi.SecurityContextHolderAwareRequestFilter@6fb00544, org.springframework.security.web.authentication.AnonymousAuthenticationFilter@141dc28b, org.springframework.security.web.session.SessionManagementFilter@394a26d1, org.springframework.security.web.access.ExceptionTranslationFilter@47df732d, org.springframework.security.web.access.intercept.AuthorizationFilter@7e6c0191]
2024-03-09 23:15:33.097 [restartedMain] WARN  o.s.b.a.t.ThymeleafAutoConfiguration$DefaultTemplateResolverConfiguration - Cannot find template location: classpath:/templates/ (please add some templates, check your Thymeleaf configuration, or set spring.thymeleaf.check-template-location=false)
2024-03-09 23:15:33.165 [restartedMain] INFO  o.s.b.d.a.OptionalLiveReloadServer - LiveReload server is running on port 35729
2024-03-09 23:15:33.302 [restartedMain] INFO  o.s.b.w.e.tomcat.TomcatWebServer - Tomcat started on port 8080 (http) with context path ''
2024-03-09 23:15:33.318 [restartedMain] INFO  c.a.i.IssueTackerApiApplication - Started IssueTackerApiApplication in 13.042 seconds (process running for 14.52)
2024-03-09 23:15:33.711 [RMI TCP Connection(2)-127.0.0.1] INFO  o.a.c.c.C.[Tomcat].[localhost].[/] - Initializing Spring DispatcherServlet 'dispatcherServlet'
2024-03-09 23:15:33.714 [RMI TCP Connection(2)-127.0.0.1] INFO  o.s.web.servlet.DispatcherServlet - Initializing Servlet 'dispatcherServlet'
2024-03-09 23:15:33.722 [RMI TCP Connection(2)-127.0.0.1] INFO  o.s.web.servlet.DispatcherServlet - Completed initialization in 7 ms
2024-03-09 23:16:16.804 [SimpleAsyncTaskExecutor-40] INFO  o.s.b.d.a.LocalDevToolsAutoConfiguration$RestartingClassPathChangeChangedEventListener - Restarting due to 2 class path changes (0 additions, 2 deletions, 0 modifications)
2024-03-09 23:16:16.851 [Thread-5] INFO  o.s.o.j.LocalContainerEntityManagerFactoryBean - Closing JPA EntityManagerFactory for persistence unit 'default'
2024-03-09 23:16:16.860 [Thread-5] INFO  com.zaxxer.hikari.HikariDataSource - HikariPool-1 - Shutdown initiated...
2024-03-09 23:16:16.883 [Thread-5] INFO  com.zaxxer.hikari.HikariDataSource - HikariPool-1 - Shutdown completed.
2024-03-09 23:16:17.243 [restartedMain] INFO  c.a.i.IssueTackerApiApplication - Starting IssueTackerApiApplication using Java 17.0.10 with PID 28072 (/home/amol/MyProjects/issue-tacker-api/target/classes started by amol in /home/amol/MyProjects/issue-tacker-api)
2024-03-09 23:16:17.244 [restartedMain] INFO  c.a.i.IssueTackerApiApplication - No active profile set, falling back to 1 default profile: "default"
2024-03-09 23:16:18.697 [restartedMain] INFO  o.s.d.r.c.RepositoryConfigurationDelegate - Bootstrapping Spring Data JPA repositories in DEFAULT mode.
2024-03-09 23:16:18.775 [restartedMain] WARN  o.s.b.w.s.c.AnnotationConfigServletWebServerApplicationContext - Exception encountered during context initialization - cancelling refresh attempt: java.lang.TypeNotPresentException: Type com.api.issuetacker.entity.JwtToken not present
2024-03-09 23:16:18.855 [restartedMain] INFO  o.s.b.a.l.ConditionEvaluationReportLogger - 

Error starting ApplicationContext. To display the condition evaluation report re-run your application with 'debug' enabled.
2024-03-09 23:16:18.978 [restartedMain] ERROR o.s.boot.SpringApplication - Application run failed
java.lang.TypeNotPresentException: Type com.api.issuetacker.entity.JwtToken not present
	at java.base/sun.reflect.generics.factory.CoreReflectionFactory.makeNamedType(CoreReflectionFactory.java:117) ~[na:na]
	at java.base/sun.reflect.generics.visitor.Reifier.visitClassTypeSignature(Reifier.java:125) ~[na:na]
	at java.base/sun.reflect.generics.tree.ClassTypeSignature.accept(ClassTypeSignature.java:49) ~[na:na]
	at java.base/sun.reflect.generics.visitor.Reifier.reifyTypeArguments(Reifier.java:68) ~[na:na]
	at java.base/sun.reflect.generics.visitor.Reifier.visitClassTypeSignature(Reifier.java:138) ~[na:na]
	at java.base/sun.reflect.generics.tree.ClassTypeSignature.accept(ClassTypeSignature.java:49) ~[na:na]
	at java.base/sun.reflect.generics.repository.ClassRepository.computeSuperInterfaces(ClassRepository.java:117) ~[na:na]
	at java.base/sun.reflect.generics.repository.ClassRepository.getSuperInterfaces(ClassRepository.java:95) ~[na:na]
	at java.base/java.lang.Class.getGenericInterfaces(Class.java:1211) ~[na:na]
	at org.springframework.core.ResolvableType.getInterfaces(ResolvableType.java:517) ~[spring-core-6.1.4.jar:6.1.4]
	at org.springframework.core.ResolvableType.as(ResolvableType.java:465) ~[spring-core-6.1.4.jar:6.1.4]
	at org.springframework.data.util.TypeDiscoverer.getSuperTypeInformation(TypeDiscoverer.java:254) ~[spring-data-commons-3.2.3.jar:3.2.3]
	at org.springframework.data.util.ClassTypeInformation.getSuperTypeInformation(ClassTypeInformation.java:36) ~[spring-data-commons-3.2.3.jar:3.2.3]
	at org.springframework.data.util.TypeInformation.getRequiredSuperTypeInformation(TypeInformation.java:327) ~[spring-data-commons-3.2.3.jar:3.2.3]
	at org.springframework.data.repository.core.support.DefaultRepositoryMetadata.<init>(DefaultRepositoryMetadata.java:55) ~[spring-data-commons-3.2.3.jar:3.2.3]
	at org.springframework.data.repository.core.support.AbstractRepositoryMetadata.getMetadata(AbstractRepositoryMetadata.java:77) ~[spring-data-commons-3.2.3.jar:3.2.3]
	at org.springframework.data.repository.config.RepositoryConfigurationExtensionSupport.getRepositoryConfigurations(RepositoryConfigurationExtensionSupport.java:91) ~[spring-data-commons-3.2.3.jar:3.2.3]
	at org.springframework.data.repository.config.RepositoryConfigurationDelegate.registerRepositoriesIn(RepositoryConfigurationDelegate.java:164) ~[spring-data-commons-3.2.3.jar:3.2.3]
	at org.springframework.boot.autoconfigure.data.AbstractRepositoryConfigurationSourceSupport.registerBeanDefinitions(AbstractRepositoryConfigurationSourceSupport.java:62) ~[spring-boot-autoconfigure-3.2.3.jar:3.2.3]
	at org.springframework.context.annotation.ConfigurationClassBeanDefinitionReader.lambda$loadBeanDefinitionsFromRegistrars$1(ConfigurationClassBeanDefinitionReader.java:376) ~[spring-context-6.1.4.jar:6.1.4]
	at java.base/java.util.LinkedHashMap.forEach(LinkedHashMap.java:721) ~[na:na]
	at org.springframework.context.annotation.ConfigurationClassBeanDefinitionReader.loadBeanDefinitionsFromRegistrars(ConfigurationClassBeanDefinitionReader.java:375) ~[spring-context-6.1.4.jar:6.1.4]
	at org.springframework.context.annotation.ConfigurationClassBeanDefinitionReader.loadBeanDefinitionsForConfigurationClass(ConfigurationClassBeanDefinitionReader.java:148) ~[spring-context-6.1.4.jar:6.1.4]
	at org.springframework.context.annotation.ConfigurationClassBeanDefinitionReader.loadBeanDefinitions(ConfigurationClassBeanDefinitionReader.java:120) ~[spring-context-6.1.4.jar:6.1.4]
	at org.springframework.context.annotation.ConfigurationClassPostProcessor.processConfigBeanDefinitions(ConfigurationClassPostProcessor.java:428) ~[spring-context-6.1.4.jar:6.1.4]
	at org.springframework.context.annotation.ConfigurationClassPostProcessor.postProcessBeanDefinitionRegistry(ConfigurationClassPostProcessor.java:289) ~[spring-context-6.1.4.jar:6.1.4]
	at org.springframework.context.support.PostProcessorRegistrationDelegate.invokeBeanDefinitionRegistryPostProcessors(PostProcessorRegistrationDelegate.java:349) ~[spring-context-6.1.4.jar:6.1.4]
	at org.springframework.context.support.PostProcessorRegistrationDelegate.invokeBeanFactoryPostProcessors(PostProcessorRegistrationDelegate.java:118) ~[spring-context-6.1.4.jar:6.1.4]
	at org.springframework.context.support.AbstractApplicationContext.invokeBeanFactoryPostProcessors(AbstractApplicationContext.java:788) ~[spring-context-6.1.4.jar:6.1.4]
	at org.springframework.context.support.AbstractApplicationContext.refresh(AbstractApplicationContext.java:606) ~[spring-context-6.1.4.jar:6.1.4]
	at org.springframework.boot.web.servlet.context.ServletWebServerApplicationContext.refresh(ServletWebServerApplicationContext.java:146) ~[spring-boot-3.2.3.jar:3.2.3]
	at org.springframework.boot.SpringApplication.refresh(SpringApplication.java:754) ~[spring-boot-3.2.3.jar:3.2.3]
	at org.springframework.boot.SpringApplication.refreshContext(SpringApplication.java:456) ~[spring-boot-3.2.3.jar:3.2.3]
	at org.springframework.boot.SpringApplication.run(SpringApplication.java:334) ~[spring-boot-3.2.3.jar:3.2.3]
	at org.springframework.boot.SpringApplication.run(SpringApplication.java:1354) ~[spring-boot-3.2.3.jar:3.2.3]
	at org.springframework.boot.SpringApplication.run(SpringApplication.java:1343) ~[spring-boot-3.2.3.jar:3.2.3]
	at com.api.issuetacker.IssueTackerApiApplication.main(IssueTackerApiApplication.java:10) ~[classes/:na]
	at java.base/jdk.internal.reflect.NativeMethodAccessorImpl.invoke0(Native Method) ~[na:na]
	at java.base/jdk.internal.reflect.NativeMethodAccessorImpl.invoke(NativeMethodAccessorImpl.java:77) ~[na:na]
	at java.base/jdk.internal.reflect.DelegatingMethodAccessorImpl.invoke(DelegatingMethodAccessorImpl.java:43) ~[na:na]
	at java.base/java.lang.reflect.Method.invoke(Method.java:568) ~[na:na]
	at org.springframework.boot.devtools.restart.RestartLauncher.run(RestartLauncher.java:50) ~[spring-boot-devtools-3.2.3.jar:3.2.3]
Caused by: java.lang.ClassNotFoundException: com.api.issuetacker.entity.JwtToken
	at java.base/jdk.internal.loader.BuiltinClassLoader.loadClass(BuiltinClassLoader.java:641) ~[na:na]
	at java.base/jdk.internal.loader.ClassLoaders$AppClassLoader.loadClass(ClassLoaders.java:188) ~[na:na]
	at java.base/java.lang.ClassLoader.loadClass(ClassLoader.java:525) ~[na:na]
	at java.base/java.lang.Class.forName0(Native Method) ~[na:na]
	at java.base/java.lang.Class.forName(Class.java:467) ~[na:na]
	at org.springframework.boot.devtools.restart.classloader.RestartClassLoader.loadClass(RestartClassLoader.java:121) ~[spring-boot-devtools-3.2.3.jar:3.2.3]
	at java.base/java.lang.ClassLoader.loadClass(ClassLoader.java:525) ~[na:na]
	at java.base/java.lang.Class.forName0(Native Method) ~[na:na]
	at java.base/java.lang.Class.forName(Class.java:467) ~[na:na]
	at java.base/sun.reflect.generics.factory.CoreReflectionFactory.makeNamedType(CoreReflectionFactory.java:114) ~[na:na]
	... 41 common frames omitted
2024-03-09 23:16:20.521 [restartedMain] INFO  c.a.i.IssueTackerApiApplication - Starting IssueTackerApiApplication using Java 17.0.10 with PID 28072 (/home/amol/MyProjects/issue-tacker-api/target/classes started by amol in /home/amol/MyProjects/issue-tacker-api)
2024-03-09 23:16:20.522 [restartedMain] INFO  c.a.i.IssueTackerApiApplication - No active profile set, falling back to 1 default profile: "default"
2024-03-09 23:16:21.210 [restartedMain] INFO  o.s.d.r.c.RepositoryConfigurationDelegate - Bootstrapping Spring Data JPA repositories in DEFAULT mode.
2024-03-09 23:16:21.258 [restartedMain] INFO  o.s.d.r.c.RepositoryConfigurationDelegate - Finished Spring Data repository scanning in 48 ms. Found 6 JPA repository interfaces.
2024-03-09 23:16:21.721 [restartedMain] INFO  o.s.b.w.e.tomcat.TomcatWebServer - Tomcat initialized with port 8080 (http)
2024-03-09 23:16:21.723 [restartedMain] INFO  o.a.catalina.core.StandardService - Starting service [Tomcat]
2024-03-09 23:16:21.724 [restartedMain] INFO  o.a.catalina.core.StandardEngine - Starting Servlet engine: [Apache Tomcat/10.1.19]
2024-03-09 23:16:21.741 [restartedMain] INFO  o.a.c.c.C.[Tomcat].[localhost].[/] - Initializing Spring embedded WebApplicationContext
2024-03-09 23:16:21.741 [restartedMain] INFO  o.s.b.w.s.c.ServletWebServerApplicationContext - Root WebApplicationContext: initialization completed in 1210 ms
2024-03-09 23:16:22.098 [restartedMain] INFO  o.h.jpa.internal.util.LogHelper - HHH000204: Processing PersistenceUnitInfo [name: default]
2024-03-09 23:16:22.102 [restartedMain] INFO  o.h.c.i.RegionFactoryInitiator - HHH000026: Second-level cache disabled
2024-03-09 23:16:22.108 [restartedMain] INFO  o.s.o.j.p.SpringPersistenceUnitInfo - No LoadTimeWeaver setup: ignoring JPA class transformer
2024-03-09 23:16:22.110 [restartedMain] INFO  com.zaxxer.hikari.HikariDataSource - HikariPool-2 - Starting...
2024-03-09 23:16:22.143 [restartedMain] INFO  com.zaxxer.hikari.pool.HikariPool - HikariPool-2 - Added connection com.mysql.cj.jdbc.ConnectionImpl@12dd2fbf
2024-03-09 23:16:22.143 [restartedMain] INFO  com.zaxxer.hikari.HikariDataSource - HikariPool-2 - Start completed.
2024-03-09 23:16:22.145 [restartedMain] WARN  org.hibernate.orm.deprecation - HHH90000025: MySQLDialect does not need to be specified explicitly using 'hibernate.dialect' (remove the property setting and it will be selected by default)
2024-03-09 23:16:22.530 [restartedMain] INFO  o.h.e.t.j.p.i.JtaPlatformInitiator - HHH000489: No JTA platform available (set 'hibernate.transaction.jta.platform' to enable JTA platform integration)
2024-03-09 23:16:22.637 [restartedMain] INFO  o.s.o.j.LocalContainerEntityManagerFactoryBean - Initialized JPA EntityManagerFactory for persistence unit 'default'
2024-03-09 23:16:23.604 [restartedMain] INFO  o.s.b.a.e.web.EndpointLinksResolver - Exposing 1 endpoint(s) beneath base path '/actuator'
2024-03-09 23:16:24.297 [restartedMain] INFO  o.s.s.web.DefaultSecurityFilterChain - Will secure any request with [org.springframework.security.web.session.DisableEncodeUrlFilter@18a58734, org.springframework.security.web.context.request.async.WebAsyncManagerIntegrationFilter@144c0457, org.springframework.security.web.context.SecurityContextHolderFilter@790c6097, org.springframework.security.web.header.HeaderWriterFilter@2b9ab4c9, org.springframework.web.filter.CorsFilter@12fc323f, org.springframework.security.web.authentication.logout.LogoutFilter@5024857e, com.api.issuetacker.security.JwtAuthenticationFilter@70a5642e, org.springframework.security.web.savedrequest.RequestCacheAwareFilter@6e4883ed, org.springframework.security.web.servletapi.SecurityContextHolderAwareRequestFilter@1368508c, org.springframework.security.web.authentication.AnonymousAuthenticationFilter@6982c099, org.springframework.security.web.session.SessionManagementFilter@5106b727, org.springframework.security.web.access.ExceptionTranslationFilter@5f28b816, org.springframework.security.web.access.intercept.AuthorizationFilter@47c97592]
2024-03-09 23:16:24.870 [restartedMain] WARN  o.s.b.a.t.ThymeleafAutoConfiguration$DefaultTemplateResolverConfiguration - Cannot find template location: classpath:/templates/ (please add some templates, check your Thymeleaf configuration, or set spring.thymeleaf.check-template-location=false)
2024-03-09 23:16:24.900 [restartedMain] INFO  o.s.b.d.a.OptionalLiveReloadServer - LiveReload server is running on port 35729
2024-03-09 23:16:24.931 [restartedMain] INFO  o.s.b.w.e.tomcat.TomcatWebServer - Tomcat started on port 8080 (http) with context path ''
2024-03-09 23:16:24.935 [restartedMain] INFO  c.a.i.IssueTackerApiApplication - Started IssueTackerApiApplication in 4.495 seconds (process running for 66.137)
2024-03-09 23:16:24.944 [SimpleAsyncTaskExecutor-31] INFO  o.s.b.d.a.ConditionEvaluationDeltaLoggingListener - Condition evaluation unchanged
2024-03-09 23:18:51.803 [http-nio-8080-exec-2] INFO  o.a.c.c.C.[Tomcat].[localhost].[/] - Initializing Spring DispatcherServlet 'dispatcherServlet'
2024-03-09 23:18:51.805 [http-nio-8080-exec-2] INFO  o.s.web.servlet.DispatcherServlet - Initializing Servlet 'dispatcherServlet'
2024-03-09 23:18:51.808 [http-nio-8080-exec-2] INFO  o.s.web.servlet.DispatcherServlet - Completed initialization in 2 ms
2024-03-09 23:18:51.999 [http-nio-8080-exec-2] WARN  c.a.i.service.MessageSourceService - Translation message not found (en): hi
2024-03-09 23:18:52.034 [http-nio-8080-exec-2] INFO  c.a.i.s.JwtAuthenticationFilter - 0:0:0:0:0:0:0:1
2024-03-09 23:18:55.377 [http-nio-8080-exec-3] WARN  c.a.i.service.MessageSourceService - Translation message not found (en): hi
2024-03-09 23:18:55.381 [http-nio-8080-exec-3] INFO  c.a.i.s.JwtAuthenticationFilter - 0:0:0:0:0:0:0:1
2024-03-09 23:19:47.080 [http-nio-8080-exec-4] INFO  c.a.i.s.JwtAuthenticationFilter - 0:0:0:0:0:0:0:1
2024-03-09 23:19:50.815 [http-nio-8080-exec-5] INFO  c.a.i.s.JwtAuthenticationFilter - 0:0:0:0:0:0:0:1
2024-03-09 23:19:54.503 [http-nio-8080-exec-6] INFO  c.a.i.s.JwtAuthenticationFilter - 0:0:0:0:0:0:0:1
2024-03-09 23:19:56.881 [http-nio-8080-exec-7] INFO  c.a.i.s.JwtAuthenticationFilter - 0:0:0:0:0:0:0:1
2024-03-09 23:20:14.733 [http-nio-8080-exec-8] INFO  c.a.i.s.JwtAuthenticationFilter - 0:0:0:0:0:0:0:1
2024-03-09 23:20:19.879 [http-nio-8080-exec-9] INFO  c.a.i.s.JwtAuthenticationFilter - 0:0:0:0:0:0:0:1
2024-03-09 23:20:39.719 [http-nio-8080-exec-10] INFO  c.a.issuetacker.service.UserService - Registering user with email: example@email.com
2024-03-09 23:20:39.887 [http-nio-8080-exec-10] WARN  c.a.i.service.MessageSourceService - Translation message not found (en): role_not_found
2024-03-09 23:20:39.897 [http-nio-8080-exec-10] ERROR c.a.i.exception.AppExceptionHandler - com.api.issuetacker.exception.NotFoundException: role_not_found
2024-03-09 23:20:39.902 [http-nio-8080-exec-10] WARN  o.s.w.s.m.m.a.ExceptionHandlerExceptionResolver - Resolved [com.api.issuetacker.exception.NotFoundException: role_not_found]
2024-03-09 23:20:39.904 [http-nio-8080-exec-10] INFO  c.a.i.s.JwtAuthenticationFilter - 0:0:0:0:0:0:0:1
2024-03-09 23:23:20.735 [SpringApplicationShutdownHook] INFO  o.s.o.j.LocalContainerEntityManagerFactoryBean - Closing JPA EntityManagerFactory for persistence unit 'default'
2024-03-09 23:23:20.739 [SpringApplicationShutdownHook] INFO  com.zaxxer.hikari.HikariDataSource - HikariPool-2 - Shutdown initiated...
2024-03-09 23:23:20.756 [SpringApplicationShutdownHook] INFO  com.zaxxer.hikari.HikariDataSource - HikariPool-2 - Shutdown completed.
2024-03-09 23:23:27.328 [restartedMain] INFO  c.a.i.IssueTackerApiApplication - Starting IssueTackerApiApplication using Java 17.0.10 with PID 29677 (/home/amol/MyProjects/issue-tacker-api/target/classes started by amol in /home/amol/MyProjects/issue-tacker-api)
2024-03-09 23:23:27.330 [restartedMain] INFO  c.a.i.IssueTackerApiApplication - No active profile set, falling back to 1 default profile: "default"
2024-03-09 23:23:27.407 [restartedMain] INFO  o.s.b.d.e.DevToolsPropertyDefaultsPostProcessor - Devtools property defaults active! Set 'spring.devtools.add-properties' to 'false' to disable
2024-03-09 23:23:27.408 [restartedMain] INFO  o.s.b.d.e.DevToolsPropertyDefaultsPostProcessor - For additional web related logging consider setting the 'logging.level.web' property to 'DEBUG'
2024-03-09 23:23:29.945 [restartedMain] INFO  o.s.d.r.c.RepositoryConfigurationDelegate - Bootstrapping Spring Data JPA repositories in DEFAULT mode.
2024-03-09 23:23:30.067 [restartedMain] INFO  o.s.d.r.c.RepositoryConfigurationDelegate - Finished Spring Data repository scanning in 106 ms. Found 6 JPA repository interfaces.
2024-03-09 23:23:31.621 [restartedMain] INFO  o.s.b.w.e.tomcat.TomcatWebServer - Tomcat initialized with port 8080 (http)
2024-03-09 23:23:31.635 [restartedMain] INFO  o.a.catalina.core.StandardService - Starting service [Tomcat]
2024-03-09 23:23:31.636 [restartedMain] INFO  o.a.catalina.core.StandardEngine - Starting Servlet engine: [Apache Tomcat/10.1.19]
2024-03-09 23:23:31.710 [restartedMain] INFO  o.a.c.c.C.[Tomcat].[localhost].[/] - Initializing Spring embedded WebApplicationContext
2024-03-09 23:23:31.711 [restartedMain] INFO  o.s.b.w.s.c.ServletWebServerApplicationContext - Root WebApplicationContext: initialization completed in 4301 ms
2024-03-09 23:23:32.280 [restartedMain] INFO  o.h.jpa.internal.util.LogHelper - HHH000204: Processing PersistenceUnitInfo [name: default]
2024-03-09 23:23:32.394 [restartedMain] INFO  org.hibernate.Version - HHH000412: Hibernate ORM core version 6.4.4.Final
2024-03-09 23:23:32.452 [restartedMain] INFO  o.h.c.i.RegionFactoryInitiator - HHH000026: Second-level cache disabled
2024-03-09 23:23:32.866 [restartedMain] INFO  o.s.o.j.p.SpringPersistenceUnitInfo - No LoadTimeWeaver setup: ignoring JPA class transformer
2024-03-09 23:23:32.919 [restartedMain] INFO  com.zaxxer.hikari.HikariDataSource - HikariPool-1 - Starting...
2024-03-09 23:23:33.590 [restartedMain] INFO  com.zaxxer.hikari.pool.HikariPool - HikariPool-1 - Added connection com.mysql.cj.jdbc.ConnectionImpl@273a3155
2024-03-09 23:23:33.592 [restartedMain] INFO  com.zaxxer.hikari.HikariDataSource - HikariPool-1 - Start completed.
2024-03-09 23:23:33.658 [restartedMain] WARN  org.hibernate.orm.deprecation - HHH90000025: MySQLDialect does not need to be specified explicitly using 'hibernate.dialect' (remove the property setting and it will be selected by default)
2024-03-09 23:23:35.250 [restartedMain] INFO  o.h.e.t.j.p.i.JtaPlatformInitiator - HHH000489: No JTA platform available (set 'hibernate.transaction.jta.platform' to enable JTA platform integration)
2024-03-09 23:23:35.384 [restartedMain] INFO  o.s.o.j.LocalContainerEntityManagerFactoryBean - Initialized JPA EntityManagerFactory for persistence unit 'default'
2024-03-09 23:23:35.970 [restartedMain] INFO  o.s.d.j.r.query.QueryEnhancerFactory - Hibernate is in classpath; If applicable, HQL parser will be used.
2024-03-09 23:23:37.570 [restartedMain] INFO  o.s.b.a.e.web.EndpointLinksResolver - Exposing 1 endpoint(s) beneath base path '/actuator'
2024-03-09 23:23:39.249 [restartedMain] INFO  o.s.s.web.DefaultSecurityFilterChain - Will secure any request with [org.springframework.security.web.session.DisableEncodeUrlFilter@393e2ac0, org.springframework.security.web.context.request.async.WebAsyncManagerIntegrationFilter@755c5a00, org.springframework.security.web.context.SecurityContextHolderFilter@2d45d77c, org.springframework.security.web.header.HeaderWriterFilter@6372213a, org.springframework.web.filter.CorsFilter@40d94b21, org.springframework.security.web.authentication.logout.LogoutFilter@9e5f0b2, com.api.issuetacker.security.JwtAuthenticationFilter@48658ef9, org.springframework.security.web.savedrequest.RequestCacheAwareFilter@58961949, org.springframework.security.web.servletapi.SecurityContextHolderAwareRequestFilter@13676a25, org.springframework.security.web.authentication.AnonymousAuthenticationFilter@33570438, org.springframework.security.web.session.SessionManagementFilter@76cbaada, org.springframework.security.web.access.ExceptionTranslationFilter@6b3c5b1f, org.springframework.security.web.access.intercept.AuthorizationFilter@1ad269b4]
2024-03-09 23:23:40.134 [restartedMain] WARN  o.s.b.a.t.ThymeleafAutoConfiguration$DefaultTemplateResolverConfiguration - Cannot find template location: classpath:/templates/ (please add some templates, check your Thymeleaf configuration, or set spring.thymeleaf.check-template-location=false)
2024-03-09 23:23:40.187 [restartedMain] INFO  o.s.b.d.a.OptionalLiveReloadServer - LiveReload server is running on port 35729
2024-03-09 23:23:40.297 [restartedMain] INFO  o.s.b.w.e.tomcat.TomcatWebServer - Tomcat started on port 8080 (http) with context path ''
2024-03-09 23:23:40.304 [restartedMain] INFO  c.a.i.IssueTackerApiApplication - Started IssueTackerApiApplication in 13.949 seconds (process running for 15.485)
2024-03-09 23:23:40.573 [RMI TCP Connection(3)-127.0.0.1] INFO  o.a.c.c.C.[Tomcat].[localhost].[/] - Initializing Spring DispatcherServlet 'dispatcherServlet'
2024-03-09 23:23:40.573 [RMI TCP Connection(3)-127.0.0.1] INFO  o.s.web.servlet.DispatcherServlet - Initializing Servlet 'dispatcherServlet'
2024-03-09 23:23:40.578 [RMI TCP Connection(3)-127.0.0.1] INFO  o.s.web.servlet.DispatcherServlet - Completed initialization in 4 ms
2024-03-09 23:26:03.409 [SpringApplicationShutdownHook] INFO  o.s.o.j.LocalContainerEntityManagerFactoryBean - Closing JPA EntityManagerFactory for persistence unit 'default'
2024-03-09 23:26:03.413 [SpringApplicationShutdownHook] INFO  com.zaxxer.hikari.HikariDataSource - HikariPool-1 - Shutdown initiated...
2024-03-09 23:26:03.424 [SpringApplicationShutdownHook] INFO  com.zaxxer.hikari.HikariDataSource - HikariPool-1 - Shutdown completed.
2024-03-09 23:26:35.215 [restartedMain] INFO  c.a.i.IssueTackerApiApplication - Starting IssueTackerApiApplication using Java 17.0.10 with PID 30239 (/home/amol/MyProjects/issue-tacker-api/target/classes started by amol in /home/amol/MyProjects/issue-tacker-api)
2024-03-09 23:26:35.219 [restartedMain] INFO  c.a.i.IssueTackerApiApplication - No active profile set, falling back to 1 default profile: "default"
2024-03-09 23:26:35.346 [restartedMain] INFO  o.s.b.d.e.DevToolsPropertyDefaultsPostProcessor - Devtools property defaults active! Set 'spring.devtools.add-properties' to 'false' to disable
2024-03-09 23:26:35.347 [restartedMain] INFO  o.s.b.d.e.DevToolsPropertyDefaultsPostProcessor - For additional web related logging consider setting the 'logging.level.web' property to 'DEBUG'
2024-03-09 23:26:37.464 [restartedMain] INFO  o.s.d.r.c.RepositoryConfigurationDelegate - Bootstrapping Spring Data JPA repositories in DEFAULT mode.
2024-03-09 23:26:37.570 [restartedMain] INFO  o.s.d.r.c.RepositoryConfigurationDelegate - Finished Spring Data repository scanning in 96 ms. Found 6 JPA repository interfaces.
2024-03-09 23:26:38.838 [restartedMain] INFO  o.s.b.w.e.tomcat.TomcatWebServer - Tomcat initialized with port 8080 (http)
2024-03-09 23:26:38.849 [restartedMain] INFO  o.a.catalina.core.StandardService - Starting service [Tomcat]
2024-03-09 23:26:38.849 [restartedMain] INFO  o.a.catalina.core.StandardEngine - Starting Servlet engine: [Apache Tomcat/10.1.19]
2024-03-09 23:26:38.901 [restartedMain] INFO  o.a.c.c.C.[Tomcat].[localhost].[/] - Initializing Spring embedded WebApplicationContext
2024-03-09 23:26:38.901 [restartedMain] INFO  o.s.b.w.s.c.ServletWebServerApplicationContext - Root WebApplicationContext: initialization completed in 3553 ms
2024-03-09 23:26:39.346 [restartedMain] INFO  o.h.jpa.internal.util.LogHelper - HHH000204: Processing PersistenceUnitInfo [name: default]
2024-03-09 23:26:39.395 [restartedMain] INFO  org.hibernate.Version - HHH000412: Hibernate ORM core version 6.4.4.Final
2024-03-09 23:26:39.430 [restartedMain] INFO  o.h.c.i.RegionFactoryInitiator - HHH000026: Second-level cache disabled
2024-03-09 23:26:39.662 [restartedMain] INFO  o.s.o.j.p.SpringPersistenceUnitInfo - No LoadTimeWeaver setup: ignoring JPA class transformer
2024-03-09 23:26:39.687 [restartedMain] INFO  com.zaxxer.hikari.HikariDataSource - HikariPool-1 - Starting...
2024-03-09 23:26:40.036 [restartedMain] INFO  com.zaxxer.hikari.pool.HikariPool - HikariPool-1 - Added connection com.mysql.cj.jdbc.ConnectionImpl@20482fb5
2024-03-09 23:26:40.040 [restartedMain] INFO  com.zaxxer.hikari.HikariDataSource - HikariPool-1 - Start completed.
2024-03-09 23:26:40.099 [restartedMain] WARN  org.hibernate.orm.deprecation - HHH90000025: MySQLDialect does not need to be specified explicitly using 'hibernate.dialect' (remove the property setting and it will be selected by default)
2024-03-09 23:26:41.442 [restartedMain] INFO  o.h.e.t.j.p.i.JtaPlatformInitiator - HHH000489: No JTA platform available (set 'hibernate.transaction.jta.platform' to enable JTA platform integration)
2024-03-09 23:26:41.634 [restartedMain] INFO  o.s.o.j.LocalContainerEntityManagerFactoryBean - Initialized JPA EntityManagerFactory for persistence unit 'default'
2024-03-09 23:26:42.171 [restartedMain] INFO  o.s.d.j.r.query.QueryEnhancerFactory - Hibernate is in classpath; If applicable, HQL parser will be used.
2024-03-09 23:26:43.461 [restartedMain] INFO  o.s.b.a.e.web.EndpointLinksResolver - Exposing 1 endpoint(s) beneath base path '/actuator'
2024-03-09 23:26:44.616 [restartedMain] INFO  o.s.s.web.DefaultSecurityFilterChain - Will secure any request with [org.springframework.security.web.session.DisableEncodeUrlFilter@26954ee1, org.springframework.security.web.context.request.async.WebAsyncManagerIntegrationFilter@2d188a86, org.springframework.security.web.context.SecurityContextHolderFilter@1e32cdc0, org.springframework.security.web.header.HeaderWriterFilter@6b3c5b1f, org.springframework.web.filter.CorsFilter@1ad269b4, org.springframework.security.web.authentication.logout.LogoutFilter@1b8bc328, com.api.issuetacker.security.JwtAuthenticationFilter@6cad660f, org.springframework.security.web.savedrequest.RequestCacheAwareFilter@5df37e8d, org.springframework.security.web.servletapi.SecurityContextHolderAwareRequestFilter@47a189b5, org.springframework.security.web.authentication.AnonymousAuthenticationFilter@55e339ae, org.springframework.security.web.session.SessionManagementFilter@1ef7c0eb, org.springframework.security.web.access.ExceptionTranslationFilter@ca246d9, org.springframework.security.web.access.intercept.AuthorizationFilter@57228432]
2024-03-09 23:26:45.357 [restartedMain] WARN  o.s.b.a.t.ThymeleafAutoConfiguration$DefaultTemplateResolverConfiguration - Cannot find template location: classpath:/templates/ (please add some templates, check your Thymeleaf configuration, or set spring.thymeleaf.check-template-location=false)
2024-03-09 23:26:45.408 [restartedMain] INFO  o.s.b.d.a.OptionalLiveReloadServer - LiveReload server is running on port 35729
2024-03-09 23:26:45.509 [restartedMain] INFO  o.s.b.w.e.tomcat.TomcatWebServer - Tomcat started on port 8080 (http) with context path ''
2024-03-09 23:26:45.514 [restartedMain] INFO  c.a.i.IssueTackerApiApplication - Started IssueTackerApiApplication in 11.376 seconds (process running for 12.881)
2024-03-09 23:26:45.648 [restartedMain] INFO  c.a.i.service.DummyDataService - Creating roles...
2024-03-09 23:26:45.726 [restartedMain] INFO  c.a.i.service.DummyDataService - Roles created.
2024-03-09 23:26:45.732 [restartedMain] INFO  c.a.i.service.DummyDataService - Creating users...
2024-03-09 23:26:45.734 [restartedMain] INFO  c.a.issuetacker.service.UserService - Creating user with email: admin@example.com
2024-03-09 23:26:45.933 [restartedMain] INFO  c.a.issuetacker.service.UserService - User created with email: admin@example.com, d1eb5c96-47c8-4305-94e7-a5de59e3bcfa
2024-03-09 23:26:45.955 [restartedMain] INFO  c.a.issuetacker.service.UserService - Creating user with email: user@example.com
2024-03-09 23:26:46.106 [restartedMain] INFO  c.a.issuetacker.service.UserService - User created with email: user@example.com, b50f3a67-614e-4d77-afdf-23d87b2105d4
2024-03-09 23:26:46.120 [restartedMain] INFO  c.a.i.service.DummyDataService - Users created.
2024-03-09 23:26:46.312 [RMI TCP Connection(2)-127.0.0.1] INFO  o.a.c.c.C.[Tomcat].[localhost].[/] - Initializing Spring DispatcherServlet 'dispatcherServlet'
2024-03-09 23:26:46.312 [RMI TCP Connection(2)-127.0.0.1] INFO  o.s.web.servlet.DispatcherServlet - Initializing Servlet 'dispatcherServlet'
2024-03-09 23:26:46.315 [RMI TCP Connection(2)-127.0.0.1] INFO  o.s.web.servlet.DispatcherServlet - Completed initialization in 3 ms
2024-03-09 23:27:04.934 [SimpleAsyncTaskExecutor-40] INFO  o.s.b.d.a.LocalDevToolsAutoConfiguration$RestartingClassPathChangeChangedEventListener - Restarting due to 1 class path change (0 additions, 1 deletion, 0 modifications)
2024-03-09 23:27:04.994 [Thread-5] INFO  o.s.o.j.LocalContainerEntityManagerFactoryBean - Closing JPA EntityManagerFactory for persistence unit 'default'
2024-03-09 23:27:05.000 [Thread-5] INFO  com.zaxxer.hikari.HikariDataSource - HikariPool-1 - Shutdown initiated...
2024-03-09 23:27:05.020 [Thread-5] INFO  com.zaxxer.hikari.HikariDataSource - HikariPool-1 - Shutdown completed.
2024-03-09 23:27:05.349 [restartedMain] INFO  c.a.i.IssueTackerApiApplication - Starting IssueTackerApiApplication using Java 17.0.10 with PID 30239 (/home/amol/MyProjects/issue-tacker-api/target/classes started by amol in /home/amol/MyProjects/issue-tacker-api)
2024-03-09 23:27:05.349 [restartedMain] INFO  c.a.i.IssueTackerApiApplication - No active profile set, falling back to 1 default profile: "default"
2024-03-09 23:27:06.825 [restartedMain] INFO  o.s.d.r.c.RepositoryConfigurationDelegate - Bootstrapping Spring Data JPA repositories in DEFAULT mode.
2024-03-09 23:27:06.884 [restartedMain] INFO  o.s.d.r.c.RepositoryConfigurationDelegate - Finished Spring Data repository scanning in 57 ms. Found 6 JPA repository interfaces.
2024-03-09 23:27:07.438 [restartedMain] INFO  o.s.b.w.e.tomcat.TomcatWebServer - Tomcat initialized with port 8080 (http)
2024-03-09 23:27:07.442 [restartedMain] INFO  o.a.catalina.core.StandardService - Starting service [Tomcat]
2024-03-09 23:27:07.442 [restartedMain] INFO  o.a.catalina.core.StandardEngine - Starting Servlet engine: [Apache Tomcat/10.1.19]
2024-03-09 23:27:07.462 [restartedMain] INFO  o.a.c.c.C.[Tomcat].[localhost].[/] - Initializing Spring embedded WebApplicationContext
2024-03-09 23:27:07.462 [restartedMain] INFO  o.s.b.w.s.c.ServletWebServerApplicationContext - Root WebApplicationContext: initialization completed in 2100 ms
2024-03-09 23:27:07.849 [restartedMain] INFO  o.h.jpa.internal.util.LogHelper - HHH000204: Processing PersistenceUnitInfo [name: default]
2024-03-09 23:27:07.857 [restartedMain] INFO  o.h.c.i.RegionFactoryInitiator - HHH000026: Second-level cache disabled
2024-03-09 23:27:07.866 [restartedMain] INFO  o.s.o.j.p.SpringPersistenceUnitInfo - No LoadTimeWeaver setup: ignoring JPA class transformer
2024-03-09 23:27:07.868 [restartedMain] INFO  com.zaxxer.hikari.HikariDataSource - HikariPool-2 - Starting...
2024-03-09 23:27:07.912 [restartedMain] INFO  com.zaxxer.hikari.pool.HikariPool - HikariPool-2 - Added connection com.mysql.cj.jdbc.ConnectionImpl@22238a02
2024-03-09 23:27:07.913 [restartedMain] INFO  com.zaxxer.hikari.HikariDataSource - HikariPool-2 - Start completed.
2024-03-09 23:27:07.915 [restartedMain] WARN  org.hibernate.orm.deprecation - HHH90000025: MySQLDialect does not need to be specified explicitly using 'hibernate.dialect' (remove the property setting and it will be selected by default)
2024-03-09 23:27:08.495 [restartedMain] INFO  o.h.e.t.j.p.i.JtaPlatformInitiator - HHH000489: No JTA platform available (set 'hibernate.transaction.jta.platform' to enable JTA platform integration)
2024-03-09 23:27:08.614 [restartedMain] INFO  o.s.o.j.LocalContainerEntityManagerFactoryBean - Initialized JPA EntityManagerFactory for persistence unit 'default'
2024-03-09 23:27:10.058 [restartedMain] INFO  o.s.b.a.e.web.EndpointLinksResolver - Exposing 1 endpoint(s) beneath base path '/actuator'
2024-03-09 23:27:11.185 [restartedMain] INFO  o.s.s.web.DefaultSecurityFilterChain - Will secure any request with [org.springframework.security.web.session.DisableEncodeUrlFilter@7d1c856e, org.springframework.security.web.context.request.async.WebAsyncManagerIntegrationFilter@1ea905dd, org.springframework.security.web.context.SecurityContextHolderFilter@5894cd06, org.springframework.security.web.header.HeaderWriterFilter@2a69cd47, org.springframework.web.filter.CorsFilter@5097282, org.springframework.security.web.authentication.logout.LogoutFilter@43e443bc, com.api.issuetacker.security.JwtAuthenticationFilter@231c35e1, org.springframework.security.web.savedrequest.RequestCacheAwareFilter@1d5a387f, org.springframework.security.web.servletapi.SecurityContextHolderAwareRequestFilter@67d43059, org.springframework.security.web.authentication.AnonymousAuthenticationFilter@7887e108, org.springframework.security.web.session.SessionManagementFilter@2a4faa6, org.springframework.security.web.access.ExceptionTranslationFilter@4faffed2, org.springframework.security.web.access.intercept.AuthorizationFilter@27d891c9]
2024-03-09 23:27:11.810 [restartedMain] WARN  o.s.b.a.t.ThymeleafAutoConfiguration$DefaultTemplateResolverConfiguration - Cannot find template location: classpath:/templates/ (please add some templates, check your Thymeleaf configuration, or set spring.thymeleaf.check-template-location=false)
2024-03-09 23:27:11.842 [restartedMain] INFO  o.s.b.d.a.OptionalLiveReloadServer - LiveReload server is running on port 35729
2024-03-09 23:27:11.873 [restartedMain] INFO  o.s.b.w.e.tomcat.TomcatWebServer - Tomcat started on port 8080 (http) with context path ''
2024-03-09 23:27:11.876 [restartedMain] INFO  c.a.i.IssueTackerApiApplication - Started IssueTackerApiApplication in 6.676 seconds (process running for 39.242)
2024-03-09 23:27:11.888 [SimpleAsyncTaskExecutor-31] INFO  o.s.b.d.a.ConditionEvaluationDeltaLoggingListener - Condition evaluation delta:


==========================
CONDITION EVALUATION DELTA
==========================


Positive matches:
-----------------

    None


Negative matches:
-----------------

   CacheAutoConfiguration.CacheManagerEntityManagerFactoryDependsOnPostProcessor:
      Did not match:
         - Ancestor org.springframework.boot.autoconfigure.cache.CacheAutoConfiguration did not match (ConditionEvaluationReport.AncestorsMatchedCondition)
      Matched:
         - @ConditionalOnClass found required class 'org.springframework.orm.jpa.LocalContainerEntityManagerFactoryBean' (OnClassCondition)


Exclusions:
-----------

    None


Unconditional classes:
----------------------

    None



2024-03-09 23:27:13.249 [SimpleAsyncTaskExecutor-40] INFO  o.s.b.d.a.LocalDevToolsAutoConfiguration$RestartingClassPathChangeChangedEventListener - Restarting due to 1 class path change (1 addition, 0 deletions, 0 modifications)
2024-03-09 23:27:13.259 [Thread-7] INFO  o.s.o.j.LocalContainerEntityManagerFactoryBean - Closing JPA EntityManagerFactory for persistence unit 'default'
2024-03-09 23:27:13.261 [Thread-7] INFO  com.zaxxer.hikari.HikariDataSource - HikariPool-2 - Shutdown initiated...
2024-03-09 23:27:13.271 [Thread-7] INFO  com.zaxxer.hikari.HikariDataSource - HikariPool-2 - Shutdown completed.
2024-03-09 23:27:13.459 [restartedMain] INFO  c.a.i.IssueTackerApiApplication - Starting IssueTackerApiApplication using Java 17.0.10 with PID 30239 (/home/amol/MyProjects/issue-tacker-api/target/classes started by amol in /home/amol/MyProjects/issue-tacker-api)
2024-03-09 23:27:13.459 [restartedMain] INFO  c.a.i.IssueTackerApiApplication - No active profile set, falling back to 1 default profile: "default"
2024-03-09 23:27:14.120 [restartedMain] INFO  o.s.d.r.c.RepositoryConfigurationDelegate - Bootstrapping Spring Data JPA repositories in DEFAULT mode.
2024-03-09 23:27:14.157 [restartedMain] INFO  o.s.d.r.c.RepositoryConfigurationDelegate - Finished Spring Data repository scanning in 36 ms. Found 6 JPA repository interfaces.
2024-03-09 23:27:14.507 [restartedMain] INFO  o.s.b.w.e.tomcat.TomcatWebServer - Tomcat initialized with port 8080 (http)
2024-03-09 23:27:14.508 [restartedMain] INFO  o.a.catalina.core.StandardService - Starting service [Tomcat]
2024-03-09 23:27:14.509 [restartedMain] INFO  o.a.catalina.core.StandardEngine - Starting Servlet engine: [Apache Tomcat/10.1.19]
2024-03-09 23:27:14.519 [restartedMain] INFO  o.a.c.c.C.[Tomcat].[localhost].[/] - Initializing Spring embedded WebApplicationContext
2024-03-09 23:27:14.519 [restartedMain] INFO  o.s.b.w.s.c.ServletWebServerApplicationContext - Root WebApplicationContext: initialization completed in 1058 ms
2024-03-09 23:27:14.808 [restartedMain] INFO  o.h.jpa.internal.util.LogHelper - HHH000204: Processing PersistenceUnitInfo [name: default]
2024-03-09 23:27:14.812 [restartedMain] INFO  o.h.c.i.RegionFactoryInitiator - HHH000026: Second-level cache disabled
2024-03-09 23:27:14.818 [restartedMain] INFO  o.s.o.j.p.SpringPersistenceUnitInfo - No LoadTimeWeaver setup: ignoring JPA class transformer
2024-03-09 23:27:14.821 [restartedMain] INFO  com.zaxxer.hikari.HikariDataSource - HikariPool-3 - Starting...
2024-03-09 23:27:14.846 [restartedMain] INFO  com.zaxxer.hikari.pool.HikariPool - HikariPool-3 - Added connection com.mysql.cj.jdbc.ConnectionImpl@3d371d67
2024-03-09 23:27:14.847 [restartedMain] INFO  com.zaxxer.hikari.HikariDataSource - HikariPool-3 - Start completed.
2024-03-09 23:27:14.849 [restartedMain] WARN  org.hibernate.orm.deprecation - HHH90000025: MySQLDialect does not need to be specified explicitly using 'hibernate.dialect' (remove the property setting and it will be selected by default)
2024-03-09 23:27:15.167 [restartedMain] INFO  o.h.e.t.j.p.i.JtaPlatformInitiator - HHH000489: No JTA platform available (set 'hibernate.transaction.jta.platform' to enable JTA platform integration)
2024-03-09 23:27:15.236 [restartedMain] INFO  o.s.o.j.LocalContainerEntityManagerFactoryBean - Initialized JPA EntityManagerFactory for persistence unit 'default'
2024-03-09 23:27:16.150 [restartedMain] INFO  o.s.b.a.e.web.EndpointLinksResolver - Exposing 1 endpoint(s) beneath base path '/actuator'
2024-03-09 23:27:16.884 [restartedMain] INFO  o.s.s.web.DefaultSecurityFilterChain - Will secure any request with [org.springframework.security.web.session.DisableEncodeUrlFilter@43dbe3bc, org.springframework.security.web.context.request.async.WebAsyncManagerIntegrationFilter@133b9c4c, org.springframework.security.web.context.SecurityContextHolderFilter@57d2ba56, org.springframework.security.web.header.HeaderWriterFilter@17e8b077, org.springframework.web.filter.CorsFilter@52b62538, org.springframework.security.web.authentication.logout.LogoutFilter@1cdeae1b, com.api.issuetacker.security.JwtAuthenticationFilter@5b4b810d, org.springframework.security.web.savedrequest.RequestCacheAwareFilter@347917fb, org.springframework.security.web.servletapi.SecurityContextHolderAwareRequestFilter@68ec2d7e, org.springframework.security.web.authentication.AnonymousAuthenticationFilter@10002a6f, org.springframework.security.web.session.SessionManagementFilter@57240cf9, org.springframework.security.web.access.ExceptionTranslationFilter@58e85268, org.springframework.security.web.access.intercept.AuthorizationFilter@210e27cc]
2024-03-09 23:27:17.465 [restartedMain] WARN  o.s.b.a.t.ThymeleafAutoConfiguration$DefaultTemplateResolverConfiguration - Cannot find template location: classpath:/templates/ (please add some templates, check your Thymeleaf configuration, or set spring.thymeleaf.check-template-location=false)
2024-03-09 23:27:17.516 [restartedMain] INFO  o.s.b.d.a.OptionalLiveReloadServer - LiveReload server is running on port 35729
2024-03-09 23:27:17.565 [restartedMain] INFO  o.s.b.w.e.tomcat.TomcatWebServer - Tomcat started on port 8080 (http) with context path ''
2024-03-09 23:27:17.567 [restartedMain] INFO  c.a.i.IssueTackerApiApplication - Started IssueTackerApiApplication in 4.159 seconds (process running for 44.934)
2024-03-09 23:27:17.586 [SimpleAsyncTaskExecutor-42] INFO  o.s.b.d.a.ConditionEvaluationDeltaLoggingListener - Condition evaluation unchanged
2024-03-09 23:27:17.585 [SpringApplicationShutdownHook] INFO  o.s.o.j.LocalContainerEntityManagerFactoryBean - Closing JPA EntityManagerFactory for persistence unit 'default'
2024-03-09 23:27:17.592 [SpringApplicationShutdownHook] INFO  com.zaxxer.hikari.HikariDataSource - HikariPool-3 - Shutdown initiated...
2024-03-09 23:27:17.598 [SpringApplicationShutdownHook] INFO  com.zaxxer.hikari.HikariDataSource - HikariPool-3 - Shutdown completed.
2024-03-09 23:27:23.391 [restartedMain] INFO  c.a.i.IssueTackerApiApplication - Starting IssueTackerApiApplication using Java 17.0.10 with PID 30860 (/home/amol/MyProjects/issue-tacker-api/target/classes started by amol in /home/amol/MyProjects/issue-tacker-api)
2024-03-09 23:27:23.394 [restartedMain] INFO  c.a.i.IssueTackerApiApplication - No active profile set, falling back to 1 default profile: "default"
2024-03-09 23:27:23.460 [restartedMain] INFO  o.s.b.d.e.DevToolsPropertyDefaultsPostProcessor - Devtools property defaults active! Set 'spring.devtools.add-properties' to 'false' to disable
2024-03-09 23:27:23.461 [restartedMain] INFO  o.s.b.d.e.DevToolsPropertyDefaultsPostProcessor - For additional web related logging consider setting the 'logging.level.web' property to 'DEBUG'
2024-03-09 23:27:25.099 [restartedMain] INFO  o.s.d.r.c.RepositoryConfigurationDelegate - Bootstrapping Spring Data JPA repositories in DEFAULT mode.
2024-03-09 23:27:25.195 [restartedMain] INFO  o.s.d.r.c.RepositoryConfigurationDelegate - Finished Spring Data repository scanning in 87 ms. Found 6 JPA repository interfaces.
2024-03-09 23:27:26.258 [restartedMain] INFO  o.s.b.w.e.tomcat.TomcatWebServer - Tomcat initialized with port 8080 (http)
2024-03-09 23:27:26.270 [restartedMain] INFO  o.a.catalina.core.StandardService - Starting service [Tomcat]
2024-03-09 23:27:26.270 [restartedMain] INFO  o.a.catalina.core.StandardEngine - Starting Servlet engine: [Apache Tomcat/10.1.19]
2024-03-09 23:27:26.325 [restartedMain] INFO  o.a.c.c.C.[Tomcat].[localhost].[/] - Initializing Spring embedded WebApplicationContext
2024-03-09 23:27:26.325 [restartedMain] INFO  o.s.b.w.s.c.ServletWebServerApplicationContext - Root WebApplicationContext: initialization completed in 2863 ms
2024-03-09 23:27:26.758 [restartedMain] INFO  o.h.jpa.internal.util.LogHelper - HHH000204: Processing PersistenceUnitInfo [name: default]
2024-03-09 23:27:26.811 [restartedMain] INFO  org.hibernate.Version - HHH000412: Hibernate ORM core version 6.4.4.Final
2024-03-09 23:27:26.847 [restartedMain] INFO  o.h.c.i.RegionFactoryInitiator - HHH000026: Second-level cache disabled
2024-03-09 23:27:27.108 [restartedMain] INFO  o.s.o.j.p.SpringPersistenceUnitInfo - No LoadTimeWeaver setup: ignoring JPA class transformer
2024-03-09 23:27:27.138 [restartedMain] INFO  com.zaxxer.hikari.HikariDataSource - HikariPool-1 - Starting...
2024-03-09 23:27:27.475 [restartedMain] INFO  com.zaxxer.hikari.pool.HikariPool - HikariPool-1 - Added connection com.mysql.cj.jdbc.ConnectionImpl@e0f95b8
2024-03-09 23:27:27.477 [restartedMain] INFO  com.zaxxer.hikari.HikariDataSource - HikariPool-1 - Start completed.
2024-03-09 23:27:27.535 [restartedMain] WARN  org.hibernate.orm.deprecation - HHH90000025: MySQLDialect does not need to be specified explicitly using 'hibernate.dialect' (remove the property setting and it will be selected by default)
2024-03-09 23:27:28.899 [restartedMain] INFO  o.h.e.t.j.p.i.JtaPlatformInitiator - HHH000489: No JTA platform available (set 'hibernate.transaction.jta.platform' to enable JTA platform integration)
2024-03-09 23:27:29.065 [restartedMain] INFO  o.s.o.j.LocalContainerEntityManagerFactoryBean - Initialized JPA EntityManagerFactory for persistence unit 'default'
2024-03-09 23:27:29.617 [restartedMain] INFO  o.s.d.j.r.query.QueryEnhancerFactory - Hibernate is in classpath; If applicable, HQL parser will be used.
2024-03-09 23:27:30.883 [restartedMain] INFO  o.s.b.a.e.web.EndpointLinksResolver - Exposing 1 endpoint(s) beneath base path '/actuator'
2024-03-09 23:27:31.932 [restartedMain] INFO  o.s.s.web.DefaultSecurityFilterChain - Will secure any request with [org.springframework.security.web.session.DisableEncodeUrlFilter@393e2ac0, org.springframework.security.web.context.request.async.WebAsyncManagerIntegrationFilter@755c5a00, org.springframework.security.web.context.SecurityContextHolderFilter@2d45d77c, org.springframework.security.web.header.HeaderWriterFilter@6372213a, org.springframework.web.filter.CorsFilter@40d94b21, org.springframework.security.web.authentication.logout.LogoutFilter@9e5f0b2, com.api.issuetacker.security.JwtAuthenticationFilter@23dc443a, org.springframework.security.web.savedrequest.RequestCacheAwareFilter@58961949, org.springframework.security.web.servletapi.SecurityContextHolderAwareRequestFilter@13676a25, org.springframework.security.web.authentication.AnonymousAuthenticationFilter@33570438, org.springframework.security.web.session.SessionManagementFilter@76cbaada, org.springframework.security.web.access.ExceptionTranslationFilter@6b3c5b1f, org.springframework.security.web.access.intercept.AuthorizationFilter@1ad269b4]
2024-03-09 23:27:32.751 [restartedMain] WARN  o.s.b.a.t.ThymeleafAutoConfiguration$DefaultTemplateResolverConfiguration - Cannot find template location: classpath:/templates/ (please add some templates, check your Thymeleaf configuration, or set spring.thymeleaf.check-template-location=false)
2024-03-09 23:27:32.810 [restartedMain] INFO  o.s.b.d.a.OptionalLiveReloadServer - LiveReload server is running on port 35729
2024-03-09 23:27:32.928 [restartedMain] INFO  o.s.b.w.e.tomcat.TomcatWebServer - Tomcat started on port 8080 (http) with context path ''
2024-03-09 23:27:32.934 [restartedMain] INFO  c.a.i.IssueTackerApiApplication - Started IssueTackerApiApplication in 10.549 seconds (process running for 12.079)
2024-03-09 23:27:33.190 [RMI TCP Connection(3)-127.0.0.1] INFO  o.a.c.c.C.[Tomcat].[localhost].[/] - Initializing Spring DispatcherServlet 'dispatcherServlet'
2024-03-09 23:27:33.191 [RMI TCP Connection(3)-127.0.0.1] INFO  o.s.web.servlet.DispatcherServlet - Initializing Servlet 'dispatcherServlet'
2024-03-09 23:27:33.215 [RMI TCP Connection(3)-127.0.0.1] INFO  o.s.web.servlet.DispatcherServlet - Completed initialization in 5 ms
2024-03-09 23:27:45.177 [http-nio-8080-exec-2] INFO  c.a.issuetacker.service.UserService - Registering user with email: example@email.com
2024-03-09 23:27:45.590 [http-nio-8080-exec-2] INFO  c.a.issuetacker.service.UserService - User registered with email: example@email.com, 1fe8b29b-208a-407b-922d-6debab83ba27
2024-03-09 23:27:45.590 [SimpleAsyncTaskExecutor-39] INFO  com.api.issuetacker.event.Listener - [User e-mail verification mail send event listener] example@email.com - 1fe8b29b-208a-407b-922d-6debab83ba27
2024-03-09 23:27:45.591 [SimpleAsyncTaskExecutor-39] INFO  c.a.i.service.MailSenderService - [EmailService] Sending verification e-mail: 1fe8b29b-208a-407b-922d-6debab83ba27 - example@email.com - N661WCCkoBWMjhSvoPlzcNgEWMKbAmnWG6BKxT0Pe8KsSSXy28CHa7XZj7TVlmRg
2024-03-09 23:27:45.592 [SimpleAsyncTaskExecutor-39] WARN  c.a.i.service.MessageSourceService - Translation message not found (en_IN): email_verification
2024-03-09 23:27:45.608 [http-nio-8080-exec-2] WARN  c.a.i.service.MessageSourceService - Translation message not found (en): registered_successfully
2024-03-09 23:27:45.643 [http-nio-8080-exec-2] INFO  c.a.i.s.JwtAuthenticationFilter - 0:0:0:0:0:0:0:1
2024-03-09 23:27:45.880 [SimpleAsyncTaskExecutor-39] ERROR org.thymeleaf.TemplateEngine - [THYMELEAF][SimpleAsyncTaskExecutor-39] Exception processing template "mail/user-email-verification": An error happened during template parsing (template: "class path resource [templates/mail/user-email-verification.html]")
org.thymeleaf.exceptions.TemplateInputException: An error happened during template parsing (template: "class path resource [templates/mail/user-email-verification.html]")
	at org.thymeleaf.templateparser.markup.AbstractMarkupTemplateParser.parse(AbstractMarkupTemplateParser.java:235)
	at org.thymeleaf.templateparser.markup.AbstractMarkupTemplateParser.parseStandalone(AbstractMarkupTemplateParser.java:100)
	at org.thymeleaf.engine.TemplateManager.parseAndProcess(TemplateManager.java:649)
	at org.thymeleaf.TemplateEngine.process(TemplateEngine.java:1103)
	at org.thymeleaf.TemplateEngine.process(TemplateEngine.java:1064)
	at org.thymeleaf.TemplateEngine.process(TemplateEngine.java:1053)
	at com.api.issuetacker.service.MailSenderService.sendUserEmailVerification(MailSenderService.java:92)
	at com.api.issuetacker.event.Listener.onUserEmailVerificationSendEvent(Listener.java:19)
	at java.base/jdk.internal.reflect.NativeMethodAccessorImpl.invoke0(Native Method)
	at java.base/jdk.internal.reflect.NativeMethodAccessorImpl.invoke(NativeMethodAccessorImpl.java:77)
	at java.base/jdk.internal.reflect.DelegatingMethodAccessorImpl.invoke(DelegatingMethodAccessorImpl.java:43)
	at java.base/java.lang.reflect.Method.invoke(Method.java:568)
	at org.springframework.context.event.ApplicationListenerMethodAdapter.doInvoke(ApplicationListenerMethodAdapter.java:365)
	at org.springframework.context.event.ApplicationListenerMethodAdapter.processEvent(ApplicationListenerMethodAdapter.java:237)
	at org.springframework.context.event.ApplicationListenerMethodAdapter.onApplicationEvent(ApplicationListenerMethodAdapter.java:168)
	at org.springframework.context.event.SimpleApplicationEventMulticaster.doInvokeListener(SimpleApplicationEventMulticaster.java:185)
	at org.springframework.context.event.SimpleApplicationEventMulticaster.invokeListener(SimpleApplicationEventMulticaster.java:178)
	at org.springframework.context.event.SimpleApplicationEventMulticaster.lambda$multicastEvent$0(SimpleApplicationEventMulticaster.java:148)
	at java.base/java.lang.Thread.run(Thread.java:840)
Caused by: java.io.FileNotFoundException: class path resource [templates/mail/user-email-verification.html] cannot be opened because it does not exist
	at org.springframework.core.io.ClassPathResource.getInputStream(ClassPathResource.java:215)
	at org.thymeleaf.spring6.templateresource.SpringResourceTemplateResource.reader(SpringResourceTemplateResource.java:103)
	at org.thymeleaf.templateparser.markup.AbstractMarkupTemplateParser.parse(AbstractMarkupTemplateParser.java:223)
	... 18 common frames omitted
2024-03-09 23:29:09.647 [http-nio-8080-exec-5] INFO  c.a.i.s.JwtAuthenticationFilter - 0:0:0:0:0:0:0:1
2024-03-09 23:29:14.565 [http-nio-8080-exec-6] INFO  c.a.i.s.JwtAuthenticationFilter - 0:0:0:0:0:0:0:1
2024-03-09 23:29:19.527 [http-nio-8080-exec-7] INFO  c.a.i.s.JwtAuthenticationFilter - 0:0:0:0:0:0:0:1
2024-03-09 23:29:42.466 [http-nio-8080-exec-8] INFO  c.a.i.s.JwtAuthenticationFilter - 0:0:0:0:0:0:0:1
2024-03-09 23:30:29.186 [http-nio-8080-exec-9] INFO  c.a.issuetacker.service.AuthService - Login request received: example@email.com
2024-03-09 23:30:29.187 [http-nio-8080-exec-9] WARN  c.a.i.service.MessageSourceService - Translation message not found (en): bad_credentials
2024-03-09 23:30:29.483 [http-nio-8080-exec-9] INFO  c.a.issuetacker.service.AuthService - Token generated for user: 1fe8b29b-208a-407b-922d-6debab83ba27
2024-03-09 23:30:29.497 [http-nio-8080-exec-9] INFO  c.a.i.s.JwtAuthenticationFilter - 0:0:0:0:0:0:0:1
2024-03-09 23:42:43.040 [restartedMain] INFO  c.a.i.IssueTackerApiApplication - Starting IssueTackerApiApplication using Java 17.0.10 with PID 33049 (/home/amol/full_stack/track_is/issue-tacker-api/target/classes started by amol in /home/amol/full_stack/track_is/issue-tacker-api)
2024-03-09 23:42:43.046 [restartedMain] INFO  c.a.i.IssueTackerApiApplication - No active profile set, falling back to 1 default profile: "default"
2024-03-09 23:42:43.184 [restartedMain] INFO  o.s.b.d.e.DevToolsPropertyDefaultsPostProcessor - Devtools property defaults active! Set 'spring.devtools.add-properties' to 'false' to disable
2024-03-09 23:42:43.185 [restartedMain] INFO  o.s.b.d.e.DevToolsPropertyDefaultsPostProcessor - For additional web related logging consider setting the 'logging.level.web' property to 'DEBUG'
2024-03-09 23:42:45.378 [restartedMain] INFO  o.s.d.r.c.RepositoryConfigurationDelegate - Bootstrapping Spring Data JPA repositories in DEFAULT mode.
2024-03-09 23:42:45.492 [restartedMain] INFO  o.s.d.r.c.RepositoryConfigurationDelegate - Finished Spring Data repository scanning in 103 ms. Found 6 JPA repository interfaces.
2024-03-09 23:42:46.719 [restartedMain] INFO  o.s.b.w.e.tomcat.TomcatWebServer - Tomcat initialized with port 8080 (http)
2024-03-09 23:42:46.733 [restartedMain] INFO  o.a.catalina.core.StandardService - Starting service [Tomcat]
2024-03-09 23:42:46.734 [restartedMain] INFO  o.a.catalina.core.StandardEngine - Starting Servlet engine: [Apache Tomcat/10.1.19]
2024-03-09 23:42:46.793 [restartedMain] INFO  o.a.c.c.C.[Tomcat].[localhost].[/] - Initializing Spring embedded WebApplicationContext
2024-03-09 23:42:46.794 [restartedMain] INFO  o.s.b.w.s.c.ServletWebServerApplicationContext - Root WebApplicationContext: initialization completed in 3608 ms
2024-03-09 23:42:47.306 [restartedMain] INFO  o.h.jpa.internal.util.LogHelper - HHH000204: Processing PersistenceUnitInfo [name: default]
2024-03-09 23:42:47.367 [restartedMain] INFO  org.hibernate.Version - HHH000412: Hibernate ORM core version 6.4.4.Final
2024-03-09 23:42:47.407 [restartedMain] INFO  o.h.c.i.RegionFactoryInitiator - HHH000026: Second-level cache disabled
2024-03-09 23:42:47.670 [restartedMain] INFO  o.s.o.j.p.SpringPersistenceUnitInfo - No LoadTimeWeaver setup: ignoring JPA class transformer
2024-03-09 23:42:47.712 [restartedMain] INFO  com.zaxxer.hikari.HikariDataSource - HikariPool-1 - Starting...
2024-03-09 23:42:48.127 [restartedMain] INFO  com.zaxxer.hikari.pool.HikariPool - HikariPool-1 - Added connection com.mysql.cj.jdbc.ConnectionImpl@116e9e7b
2024-03-09 23:42:48.132 [restartedMain] INFO  com.zaxxer.hikari.HikariDataSource - HikariPool-1 - Start completed.
2024-03-09 23:42:48.222 [restartedMain] WARN  org.hibernate.orm.deprecation - HHH90000025: MySQLDialect does not need to be specified explicitly using 'hibernate.dialect' (remove the property setting and it will be selected by default)
2024-03-09 23:42:49.879 [restartedMain] INFO  o.h.e.t.j.p.i.JtaPlatformInitiator - HHH000489: No JTA platform available (set 'hibernate.transaction.jta.platform' to enable JTA platform integration)
2024-03-09 23:42:50.016 [restartedMain] INFO  o.s.o.j.LocalContainerEntityManagerFactoryBean - Initialized JPA EntityManagerFactory for persistence unit 'default'
2024-03-09 23:42:50.567 [restartedMain] INFO  o.s.d.j.r.query.QueryEnhancerFactory - Hibernate is in classpath; If applicable, HQL parser will be used.
2024-03-09 23:42:51.873 [restartedMain] INFO  o.s.b.a.e.web.EndpointLinksResolver - Exposing 1 endpoint(s) beneath base path '/actuator'
2024-03-09 23:42:53.059 [restartedMain] INFO  o.s.s.web.DefaultSecurityFilterChain - Will secure any request with [org.springframework.security.web.session.DisableEncodeUrlFilter@3923a0b6, org.springframework.security.web.context.request.async.WebAsyncManagerIntegrationFilter@528094a2, org.springframework.security.web.context.SecurityContextHolderFilter@6843baf9, org.springframework.security.web.header.HeaderWriterFilter@4dc05114, org.springframework.web.filter.CorsFilter@4aa5c464, org.springframework.security.web.authentication.logout.LogoutFilter@6ac365ec, com.api.issuetacker.security.JwtAuthenticationFilter@719d1e36, org.springframework.security.web.savedrequest.RequestCacheAwareFilter@16540580, org.springframework.security.web.servletapi.SecurityContextHolderAwareRequestFilter@67c885bd, org.springframework.security.web.authentication.AnonymousAuthenticationFilter@4d3d5d31, org.springframework.security.web.session.SessionManagementFilter@45bc6d79, org.springframework.security.web.access.ExceptionTranslationFilter@59f35d65, org.springframework.security.web.access.intercept.AuthorizationFilter@6a496509]
2024-03-09 23:42:53.937 [restartedMain] WARN  o.s.b.a.t.ThymeleafAutoConfiguration$DefaultTemplateResolverConfiguration - Cannot find template location: classpath:/templates/ (please add some templates, check your Thymeleaf configuration, or set spring.thymeleaf.check-template-location=false)
2024-03-09 23:42:53.989 [restartedMain] INFO  o.s.b.d.a.OptionalLiveReloadServer - LiveReload server is running on port 35729
2024-03-09 23:42:54.110 [restartedMain] INFO  o.s.b.w.e.tomcat.TomcatWebServer - Tomcat started on port 8080 (http) with context path ''
2024-03-09 23:42:54.116 [restartedMain] INFO  c.a.i.IssueTackerApiApplication - Started IssueTackerApiApplication in 12.117 seconds (process running for 13.355)
2024-03-09 23:42:54.462 [RMI TCP Connection(3)-127.0.0.1] INFO  o.a.c.c.C.[Tomcat].[localhost].[/] - Initializing Spring DispatcherServlet 'dispatcherServlet'
2024-03-09 23:42:54.463 [RMI TCP Connection(3)-127.0.0.1] INFO  o.s.web.servlet.DispatcherServlet - Initializing Servlet 'dispatcherServlet'
2024-03-09 23:42:54.466 [RMI TCP Connection(3)-127.0.0.1] INFO  o.s.web.servlet.DispatcherServlet - Completed initialization in 3 ms
2024-03-09 23:43:32.716 [http-nio-8080-exec-1] INFO  c.a.i.s.JwtAuthenticationFilter - 0:0:0:0:0:0:0:1
2024-03-09 23:43:32.972 [http-nio-8080-exec-2] INFO  c.a.i.s.JwtAuthenticationFilter - 0:0:0:0:0:0:0:1
2024-03-09 23:43:34.899 [http-nio-8080-exec-3] INFO  c.a.i.s.JwtAuthenticationFilter - 0:0:0:0:0:0:0:1
2024-03-09 23:43:35.971 [http-nio-8080-exec-4] INFO  c.a.i.s.JwtAuthenticationFilter - 0:0:0:0:0:0:0:1
2024-03-09 23:43:36.868 [http-nio-8080-exec-5] INFO  c.a.i.s.JwtAuthenticationFilter - 0:0:0:0:0:0:0:1
2024-03-09 23:43:39.045 [http-nio-8080-exec-6] INFO  c.a.i.s.JwtAuthenticationFilter - 0:0:0:0:0:0:0:1
2024-03-09 23:43:39.054 [http-nio-8080-exec-7] INFO  c.a.i.s.JwtAuthenticationFilter - 0:0:0:0:0:0:0:1
2024-03-09 23:43:41.342 [http-nio-8080-exec-8] INFO  c.a.i.s.JwtAuthenticationFilter - 0:0:0:0:0:0:0:1
2024-03-09 23:43:48.652 [http-nio-8080-exec-9] INFO  c.a.i.s.JwtAuthenticationFilter - 0:0:0:0:0:0:0:1
2024-03-09 23:43:48.681 [http-nio-8080-exec-10] INFO  c.a.i.s.JwtAuthenticationFilter - 0:0:0:0:0:0:0:1
2024-03-09 23:43:50.051 [http-nio-8080-exec-1] INFO  c.a.i.s.JwtAuthenticationFilter - 0:0:0:0:0:0:0:1
2024-03-09 23:43:52.809 [http-nio-8080-exec-2] INFO  c.a.i.s.JwtAuthenticationFilter - 0:0:0:0:0:0:0:1
2024-03-09 23:43:54.084 [http-nio-8080-exec-3] INFO  c.a.i.s.JwtAuthenticationFilter - 0:0:0:0:0:0:0:1
2024-03-09 23:43:54.123 [http-nio-8080-exec-4] INFO  c.a.i.s.JwtAuthenticationFilter - 0:0:0:0:0:0:0:1
2024-03-09 23:43:55.422 [http-nio-8080-exec-5] INFO  c.a.i.s.JwtAuthenticationFilter - 0:0:0:0:0:0:0:1
2024-03-09 23:43:56.898 [http-nio-8080-exec-6] INFO  c.a.i.s.JwtAuthenticationFilter - 0:0:0:0:0:0:0:1
2024-03-09 23:43:56.933 [http-nio-8080-exec-7] INFO  c.a.i.s.JwtAuthenticationFilter - 0:0:0:0:0:0:0:1
2024-03-09 23:43:59.196 [http-nio-8080-exec-8] INFO  c.a.i.s.JwtAuthenticationFilter - 0:0:0:0:0:0:0:1
2024-03-09 23:44:02.413 [http-nio-8080-exec-9] INFO  c.a.i.s.JwtAuthenticationFilter - 0:0:0:0:0:0:0:1
2024-03-09 23:44:07.651 [http-nio-8080-exec-10] INFO  c.a.i.s.JwtAuthenticationFilter - 0:0:0:0:0:0:0:1
2024-03-09 23:44:08.378 [http-nio-8080-exec-1] INFO  c.a.i.s.JwtAuthenticationFilter - 0:0:0:0:0:0:0:1
2024-03-09 23:44:09.013 [http-nio-8080-exec-2] INFO  c.a.i.s.JwtAuthenticationFilter - 0:0:0:0:0:0:0:1
2024-03-09 23:44:10.973 [http-nio-8080-exec-3] INFO  c.a.i.s.JwtAuthenticationFilter - 0:0:0:0:0:0:0:1
2024-03-09 23:44:11.023 [http-nio-8080-exec-4] INFO  c.a.i.s.JwtAuthenticationFilter - 0:0:0:0:0:0:0:1
2024-03-09 23:44:12.534 [http-nio-8080-exec-5] INFO  c.a.i.s.JwtAuthenticationFilter - 0:0:0:0:0:0:0:1
2024-03-09 23:44:12.594 [http-nio-8080-exec-6] INFO  c.a.i.s.JwtAuthenticationFilter - 0:0:0:0:0:0:0:1
2024-03-09 23:44:13.378 [http-nio-8080-exec-7] INFO  c.a.i.s.JwtAuthenticationFilter - 0:0:0:0:0:0:0:1
2024-03-09 23:44:14.933 [http-nio-8080-exec-8] INFO  c.a.i.s.JwtAuthenticationFilter - 0:0:0:0:0:0:0:1
2024-03-09 23:44:16.289 [http-nio-8080-exec-9] INFO  c.a.i.s.JwtAuthenticationFilter - 0:0:0:0:0:0:0:1
2024-03-09 23:44:17.012 [http-nio-8080-exec-10] INFO  c.a.i.s.JwtAuthenticationFilter - 0:0:0:0:0:0:0:1
2024-03-09 23:44:38.803 [http-nio-8080-exec-1] INFO  c.a.i.s.JwtAuthenticationFilter - 0:0:0:0:0:0:0:1
2024-03-09 23:44:38.979 [http-nio-8080-exec-2] INFO  c.a.i.s.JwtAuthenticationFilter - 0:0:0:0:0:0:0:1
2024-03-09 23:45:00.980 [http-nio-8080-exec-4] INFO  c.a.i.s.JwtAuthenticationFilter - 0:0:0:0:0:0:0:1
2024-03-09 23:45:01.153 [http-nio-8080-exec-5] INFO  c.a.i.s.JwtAuthenticationFilter - 0:0:0:0:0:0:0:1
2024-03-09 23:45:14.997 [SpringApplicationShutdownHook] INFO  o.s.o.j.LocalContainerEntityManagerFactoryBean - Closing JPA EntityManagerFactory for persistence unit 'default'
2024-03-09 23:45:15.005 [SpringApplicationShutdownHook] INFO  com.zaxxer.hikari.HikariDataSource - HikariPool-1 - Shutdown initiated...
2024-03-09 23:45:15.016 [SpringApplicationShutdownHook] INFO  com.zaxxer.hikari.HikariDataSource - HikariPool-1 - Shutdown completed.
