2024-03-17 01:06:48.895 [http-nio-8080-exec-5] INFO  c.a.issuetacker.service.AuthService - Login request received: heasycare@gmail.com
2024-03-17 01:06:49.954 [http-nio-8080-exec-5] WARN  c.a.i.service.MessageSourceService - Translation message not found (en_GB): bad_credentials
2024-03-17 01:06:54.717 [http-nio-8080-exec-5] INFO  c.a.issuetacker.service.AuthService - Token generated for user: 069fe4ff-21ae-4a03-a82a-f9cb787e9005
2024-03-17 01:06:55.152 [http-nio-8080-exec-5] INFO  c.a.i.s.JwtAuthenticationFilter - 0:0:0:0:0:0:0:1
2024-03-17 01:07:00.355 [http-nio-8080-exec-8] INFO  c.a.i.s.JwtAuthenticationFilter - 0:0:0:0:0:0:0:1
2024-03-17 01:07:10.346 [http-nio-8080-exec-1] INFO  c.a.i.s.JwtAuthenticationFilter - 0:0:0:0:0:0:0:1
2024-03-17 01:07:11.344 [http-nio-8080-exec-2] INFO  c.a.i.s.JwtAuthenticationFilter - 0:0:0:0:0:0:0:1
2024-03-17 01:07:12.663 [http-nio-8080-exec-3] INFO  c.a.i.s.JwtAuthenticationFilter - 0:0:0:0:0:0:0:1
2024-03-17 01:07:14.371 [http-nio-8080-exec-5] INFO  c.a.i.s.JwtAuthenticationFilter - 0:0:0:0:0:0:0:1
2024-03-17 01:08:50.663 [http-nio-8080-exec-8] INFO  c.a.i.s.JwtAuthenticationFilter - 0:0:0:0:0:0:0:1
2024-03-17 01:15:11.778 [http-nio-8080-exec-1] INFO  c.a.i.s.JwtAuthenticationFilter - 0:0:0:0:0:0:0:1
2024-03-17 01:18:28.858 [http-nio-8080-exec-2] INFO  c.a.i.s.JwtAuthenticationFilter - 0:0:0:0:0:0:0:1
2024-03-17 01:18:37.372 [http-nio-8080-exec-3] INFO  c.a.i.s.JwtAuthenticationFilter - 0:0:0:0:0:0:0:1
2024-03-17 01:18:40.830 [http-nio-8080-exec-5] INFO  c.a.i.s.JwtAuthenticationFilter - 0:0:0:0:0:0:0:1
2024-03-17 01:18:43.418 [http-nio-8080-exec-6] INFO  c.a.i.s.JwtAuthenticationFilter - 0:0:0:0:0:0:0:1
2024-03-17 01:18:43.456 [http-nio-8080-exec-8] INFO  c.a.i.s.JwtAuthenticationFilter - 0:0:0:0:0:0:0:1
2024-03-17 01:24:26.385 [http-nio-8080-exec-9] INFO  c.a.i.s.JwtAuthenticationFilter - 0:0:0:0:0:0:0:1
2024-03-17 02:04:15.035 [http-nio-8080-exec-3] INFO  c.a.issuetacker.service.AuthService - Login request received: heasycare@gmail.com
2024-03-17 02:04:15.041 [http-nio-8080-exec-3] WARN  c.a.i.service.MessageSourceService - Translation message not found (en_GB): bad_credentials
2024-03-17 02:04:15.436 [http-nio-8080-exec-3] INFO  c.a.issuetacker.service.AuthService - Token generated for user: 069fe4ff-21ae-4a03-a82a-f9cb787e9005
2024-03-17 02:04:15.453 [http-nio-8080-exec-3] INFO  c.a.i.s.JwtAuthenticationFilter - 0:0:0:0:0:0:0:1
2024-03-17 02:04:21.989 [http-nio-8080-exec-5] INFO  c.a.i.s.JwtAuthenticationFilter - 0:0:0:0:0:0:0:1
2024-03-17 02:05:39.977 [http-nio-8080-exec-1] INFO  c.a.i.s.JwtAuthenticationFilter - 0:0:0:0:0:0:0:1
2024-03-17 02:26:47.301 [http-nio-8080-exec-9] INFO  c.a.issuetacker.service.AuthService - Login request received: heasycare@gmail.com
2024-03-17 02:26:47.301 [http-nio-8080-exec-9] WARN  c.a.i.service.MessageSourceService - Translation message not found (en_GB): bad_credentials
2024-03-17 02:26:47.734 [http-nio-8080-exec-9] INFO  c.a.issuetacker.service.AuthService - Token generated for user: 069fe4ff-21ae-4a03-a82a-f9cb787e9005
2024-03-17 02:26:47.737 [http-nio-8080-exec-9] INFO  c.a.i.s.JwtAuthenticationFilter - 0:0:0:0:0:0:0:1
2024-03-17 02:26:52.797 [http-nio-8080-exec-2] INFO  c.a.i.s.JwtAuthenticationFilter - 0:0:0:0:0:0:0:1
2024-03-17 02:45:06.660 [SpringApplicationShutdownHook] INFO  o.s.o.j.LocalContainerEntityManagerFactoryBean - Closing JPA EntityManagerFactory for persistence unit 'default'
2024-03-17 02:45:06.966 [SpringApplicationShutdownHook] INFO  com.zaxxer.hikari.HikariDataSource - HikariPool-1 - Shutdown initiated...
2024-03-17 02:45:07.044 [SpringApplicationShutdownHook] INFO  com.zaxxer.hikari.HikariDataSource - HikariPool-1 - Shutdown completed.
